{"D:\\Программы\\Проги\\RSSchoolCourse\\src\\Pages\\NotFoundPage\\Notfound.tsx": {"path":"D:\\Программы\\Проги\\RSSchoolCourse\\src\\Pages\\NotFoundPage\\Notfound.tsx","all":true,"statementMap":{"0":{"start":{"line":1,"column":0},"end":{"line":1,"column":25}},"1":{"start":{"line":2,"column":0},"end":{"line":2,"column":23}},"2":{"start":{"line":3,"column":0},"end":{"line":3,"column":34}},"3":{"start":{"line":4,"column":0},"end":{"line":4,"column":10}},"4":{"start":{"line":5,"column":0},"end":{"line":5,"column":30}},"5":{"start":{"line":6,"column":0},"end":{"line":6,"column":50}},"6":{"start":{"line":7,"column":0},"end":{"line":7,"column":57}},"7":{"start":{"line":8,"column":0},"end":{"line":8,"column":10}},"9":{"start":{"line":10,"column":0},"end":{"line":10,"column":1}},"11":{"start":{"line":12,"column":0},"end":{"line":12,"column":23}}},"s":{"0":0,"1":0,"2":0,"3":0,"4":0,"5":0,"6":0,"7":0,"9":0,"11":0},"branchMap":{"0":{"type":"branch","line":1,"loc":{"start":{"line":1,"column":0},"end":{"line":12,"column":-160}},"locations":[{"start":{"line":1,"column":0},"end":{"line":12,"column":-160}}]}},"b":{"0":[0]},"fnMap":{"0":{"name":"(empty-report)","decl":{"start":{"line":1,"column":0},"end":{"line":12,"column":-160}},"loc":{"start":{"line":1,"column":0},"end":{"line":12,"column":-160}},"line":1}},"f":{"0":0}}
,"D:\\Программы\\Проги\\RSSchoolCourse\\src\\components\\Details\\Details.test.tsx": {"path":"D:\\Программы\\Проги\\RSSchoolCourse\\src\\components\\Details\\Details.test.tsx","all":false,"statementMap":{"0":{"start":{"line":1,"column":0},"end":{"line":1,"column":64}},"1":{"start":{"line":2,"column":0},"end":{"line":2,"column":62}},"2":{"start":{"line":3,"column":0},"end":{"line":3,"column":53}},"3":{"start":{"line":4,"column":0},"end":{"line":4,"column":31}},"6":{"start":{"line":7,"column":0},"end":{"line":7,"column":37}},"7":{"start":{"line":8,"column":0},"end":{"line":8,"column":8}},"8":{"start":{"line":9,"column":0},"end":{"line":9,"column":23}},"9":{"start":{"line":10,"column":0},"end":{"line":10,"column":18}},"10":{"start":{"line":11,"column":0},"end":{"line":11,"column":19}},"11":{"start":{"line":12,"column":0},"end":{"line":12,"column":11}},"12":{"start":{"line":13,"column":0},"end":{"line":13,"column":17}},"13":{"start":{"line":14,"column":0},"end":{"line":14,"column":38}},"14":{"start":{"line":15,"column":0},"end":{"line":15,"column":67}},"15":{"start":{"line":16,"column":0},"end":{"line":16,"column":1}},"17":{"start":{"line":18,"column":0},"end":{"line":18,"column":25}},"18":{"start":{"line":19,"column":0},"end":{"line":19,"column":26}},"19":{"start":{"line":20,"column":0},"end":{"line":20,"column":13}},"20":{"start":{"line":21,"column":0},"end":{"line":21,"column":16}},"21":{"start":{"line":22,"column":0},"end":{"line":22,"column":21}},"22":{"start":{"line":23,"column":0},"end":{"line":23,"column":27}},"23":{"start":{"line":24,"column":0},"end":{"line":24,"column":22}},"24":{"start":{"line":25,"column":0},"end":{"line":25,"column":18}},"25":{"start":{"line":26,"column":0},"end":{"line":26,"column":12}},"26":{"start":{"line":27,"column":0},"end":{"line":27,"column":45}},"27":{"start":{"line":28,"column":0},"end":{"line":28,"column":15}},"28":{"start":{"line":29,"column":0},"end":{"line":29,"column":20}},"29":{"start":{"line":30,"column":0},"end":{"line":30,"column":59}},"30":{"start":{"line":31,"column":0},"end":{"line":31,"column":44}},"31":{"start":{"line":32,"column":0},"end":{"line":32,"column":52}},"32":{"start":{"line":33,"column":0},"end":{"line":33,"column":47}},"33":{"start":{"line":34,"column":0},"end":{"line":34,"column":36}},"34":{"start":{"line":35,"column":0},"end":{"line":35,"column":27}},"35":{"start":{"line":36,"column":0},"end":{"line":36,"column":1}},"37":{"start":{"line":38,"column":0},"end":{"line":38,"column":37}},"38":{"start":{"line":39,"column":0},"end":{"line":39,"column":20}},"39":{"start":{"line":40,"column":0},"end":{"line":40,"column":59}},"40":{"start":{"line":41,"column":0},"end":{"line":41,"column":4}},"42":{"start":{"line":43,"column":0},"end":{"line":43,"column":52}},"43":{"start":{"line":44,"column":0},"end":{"line":44,"column":11}},"44":{"start":{"line":45,"column":0},"end":{"line":45,"column":54}},"45":{"start":{"line":46,"column":0},"end":{"line":46,"column":16}},"46":{"start":{"line":47,"column":0},"end":{"line":47,"column":63}},"47":{"start":{"line":48,"column":0},"end":{"line":48,"column":17}},"48":{"start":{"line":49,"column":0},"end":{"line":49,"column":21}},"49":{"start":{"line":50,"column":0},"end":{"line":50,"column":5}},"51":{"start":{"line":52,"column":0},"end":{"line":52,"column":66}},"53":{"start":{"line":54,"column":0},"end":{"line":54,"column":23}},"54":{"start":{"line":55,"column":0},"end":{"line":55,"column":66}},"55":{"start":{"line":56,"column":0},"end":{"line":56,"column":5}},"56":{"start":{"line":57,"column":0},"end":{"line":57,"column":75}},"57":{"start":{"line":58,"column":0},"end":{"line":58,"column":77}},"58":{"start":{"line":59,"column":0},"end":{"line":59,"column":74}},"59":{"start":{"line":60,"column":0},"end":{"line":60,"column":67}},"60":{"start":{"line":61,"column":0},"end":{"line":61,"column":4}},"61":{"start":{"line":62,"column":0},"end":{"line":62,"column":2}}},"s":{"0":1,"1":1,"2":1,"3":1,"6":1,"7":1,"8":1,"9":1,"10":1,"11":1,"12":1,"13":1,"14":1,"15":1,"17":1,"18":1,"19":1,"20":1,"21":1,"22":1,"23":1,"24":1,"25":1,"26":1,"27":1,"28":1,"29":1,"30":1,"31":1,"32":1,"33":1,"34":1,"35":1,"37":1,"38":1,"39":1,"40":1,"42":1,"43":1,"44":1,"45":1,"46":1,"47":1,"48":1,"49":1,"51":1,"53":1,"54":2,"55":1,"56":1,"57":1,"58":1,"59":1,"60":1,"61":1},"branchMap":{"0":{"type":"branch","line":18,"loc":{"start":{"line":18,"column":18},"end":{"line":36,"column":1}},"locations":[{"start":{"line":18,"column":18},"end":{"line":36,"column":1}}]},"1":{"type":"branch","line":33,"loc":{"start":{"line":33,"column":10},"end":{"line":33,"column":47}},"locations":[{"start":{"line":33,"column":10},"end":{"line":33,"column":47}}]},"2":{"type":"branch","line":38,"loc":{"start":{"line":38,"column":30},"end":{"line":62,"column":2}},"locations":[{"start":{"line":38,"column":30},"end":{"line":62,"column":2}}]},"3":{"type":"branch","line":39,"loc":{"start":{"line":39,"column":13},"end":{"line":41,"column":3}},"locations":[{"start":{"line":39,"column":13},"end":{"line":41,"column":3}}]},"4":{"type":"branch","line":43,"loc":{"start":{"line":43,"column":39},"end":{"line":61,"column":3}},"locations":[{"start":{"line":43,"column":39},"end":{"line":61,"column":3}}]},"5":{"type":"branch","line":54,"loc":{"start":{"line":54,"column":18},"end":{"line":55,"column":66}},"locations":[{"start":{"line":54,"column":18},"end":{"line":55,"column":66}}]}},"b":{"0":[1],"1":[1],"2":[1],"3":[1],"4":[1],"5":[2]},"fnMap":{"0":{"name":"mockFetch","decl":{"start":{"line":18,"column":18},"end":{"line":36,"column":1}},"loc":{"start":{"line":18,"column":18},"end":{"line":36,"column":1}},"line":18},"1":{"name":"clone","decl":{"start":{"line":27,"column":11},"end":{"line":27,"column":45}},"loc":{"start":{"line":27,"column":11},"end":{"line":27,"column":45}},"line":27},"2":{"name":"arrayBuffer","decl":{"start":{"line":30,"column":17},"end":{"line":30,"column":59}},"loc":{"start":{"line":30,"column":17},"end":{"line":30,"column":59}},"line":30},"3":{"name":"blob","decl":{"start":{"line":31,"column":10},"end":{"line":31,"column":44}},"loc":{"start":{"line":31,"column":10},"end":{"line":31,"column":44}},"line":31},"4":{"name":"formData","decl":{"start":{"line":32,"column":14},"end":{"line":32,"column":52}},"loc":{"start":{"line":32,"column":14},"end":{"line":32,"column":52}},"line":32},"5":{"name":"json","decl":{"start":{"line":33,"column":10},"end":{"line":33,"column":47}},"loc":{"start":{"line":33,"column":10},"end":{"line":33,"column":47}},"line":33},"6":{"name":"text","decl":{"start":{"line":34,"column":10},"end":{"line":34,"column":36}},"loc":{"start":{"line":34,"column":10},"end":{"line":34,"column":36}},"line":34}},"f":{"0":1,"1":0,"2":0,"3":0,"4":0,"5":1,"6":0}}
,"D:\\Программы\\Проги\\RSSchoolCourse\\src\\components\\Details\\Details.tsx": {"path":"D:\\Программы\\Проги\\RSSchoolCourse\\src\\components\\Details\\Details.tsx","all":false,"statementMap":{"0":{"start":{"line":1,"column":0},"end":{"line":1,"column":50}},"1":{"start":{"line":2,"column":0},"end":{"line":2,"column":57}},"2":{"start":{"line":3,"column":0},"end":{"line":3,"column":37}},"3":{"start":{"line":4,"column":0},"end":{"line":4,"column":22}},"5":{"start":{"line":6,"column":0},"end":{"line":6,"column":43}},"7":{"start":{"line":8,"column":0},"end":{"line":8,"column":33}},"8":{"start":{"line":9,"column":0},"end":{"line":9,"column":44}},"9":{"start":{"line":10,"column":0},"end":{"line":10,"column":46}},"10":{"start":{"line":11,"column":0},"end":{"line":11,"column":56}},"11":{"start":{"line":12,"column":0},"end":{"line":12,"column":26}},"12":{"start":{"line":13,"column":0},"end":{"line":13,"column":32}},"13":{"start":{"line":14,"column":0},"end":{"line":14,"column":60}},"15":{"start":{"line":16,"column":0},"end":{"line":16,"column":19}},"16":{"start":{"line":17,"column":0},"end":{"line":17,"column":38}},"17":{"start":{"line":18,"column":0},"end":{"line":18,"column":22}},"18":{"start":{"line":19,"column":0},"end":{"line":19,"column":11}},"19":{"start":{"line":20,"column":0},"end":{"line":20,"column":37}},"20":{"start":{"line":21,"column":0},"end":{"line":21,"column":59}},"21":{"start":{"line":22,"column":0},"end":{"line":22,"column":9}},"22":{"start":{"line":23,"column":0},"end":{"line":23,"column":42}},"23":{"start":{"line":24,"column":0},"end":{"line":24,"column":24}},"24":{"start":{"line":25,"column":0},"end":{"line":25,"column":23}},"25":{"start":{"line":26,"column":0},"end":{"line":26,"column":56}},"26":{"start":{"line":27,"column":0},"end":{"line":27,"column":17}},"27":{"start":{"line":28,"column":0},"end":{"line":28,"column":25}},"28":{"start":{"line":29,"column":0},"end":{"line":29,"column":7}},"29":{"start":{"line":30,"column":0},"end":{"line":30,"column":5}},"31":{"start":{"line":32,"column":0},"end":{"line":32,"column":18}},"32":{"start":{"line":33,"column":0},"end":{"line":33,"column":10}},"34":{"start":{"line":35,"column":0},"end":{"line":35,"column":16}},"35":{"start":{"line":36,"column":0},"end":{"line":36,"column":21}},"36":{"start":{"line":37,"column":0},"end":{"line":37,"column":3}},"38":{"start":{"line":39,"column":0},"end":{"line":39,"column":36}},"39":{"start":{"line":40,"column":0},"end":{"line":40,"column":37}},"40":{"start":{"line":41,"column":0},"end":{"line":41,"column":3}},"42":{"start":{"line":43,"column":0},"end":{"line":43,"column":10}},"43":{"start":{"line":44,"column":0},"end":{"line":44,"column":6}},"44":{"start":{"line":45,"column":0},"end":{"line":45,"column":18}},"45":{"start":{"line":46,"column":0},"end":{"line":46,"column":33}},"46":{"start":{"line":47,"column":0},"end":{"line":47,"column":17}},"47":{"start":{"line":48,"column":0},"end":{"line":48,"column":28}},"48":{"start":{"line":49,"column":0},"end":{"line":49,"column":36}},"49":{"start":{"line":50,"column":0},"end":{"line":50,"column":40}},"50":{"start":{"line":51,"column":0},"end":{"line":51,"column":11}},"52":{"start":{"line":53,"column":0},"end":{"line":53,"column":19}},"53":{"start":{"line":54,"column":0},"end":{"line":54,"column":60}},"54":{"start":{"line":55,"column":0},"end":{"line":55,"column":15}},"55":{"start":{"line":56,"column":0},"end":{"line":56,"column":48}},"56":{"start":{"line":57,"column":0},"end":{"line":57,"column":16}},"57":{"start":{"line":58,"column":0},"end":{"line":58,"column":15}},"58":{"start":{"line":59,"column":0},"end":{"line":59,"column":45}},"59":{"start":{"line":60,"column":0},"end":{"line":60,"column":16}},"60":{"start":{"line":61,"column":0},"end":{"line":61,"column":15}},"61":{"start":{"line":62,"column":0},"end":{"line":62,"column":39}},"62":{"start":{"line":63,"column":0},"end":{"line":63,"column":16}},"63":{"start":{"line":64,"column":0},"end":{"line":64,"column":15}},"64":{"start":{"line":65,"column":0},"end":{"line":65,"column":43}},"65":{"start":{"line":66,"column":0},"end":{"line":66,"column":16}},"66":{"start":{"line":67,"column":0},"end":{"line":67,"column":15}},"67":{"start":{"line":68,"column":0},"end":{"line":68,"column":45}},"68":{"start":{"line":69,"column":0},"end":{"line":69,"column":16}},"69":{"start":{"line":70,"column":0},"end":{"line":70,"column":56}},"70":{"start":{"line":71,"column":0},"end":{"line":71,"column":14}},"72":{"start":{"line":73,"column":0},"end":{"line":73,"column":31}},"74":{"start":{"line":75,"column":0},"end":{"line":75,"column":7}},"76":{"start":{"line":77,"column":0},"end":{"line":77,"column":1}},"78":{"start":{"line":79,"column":0},"end":{"line":79,"column":22}}},"s":{"0":1,"1":1,"2":1,"3":1,"5":1,"7":1,"8":2,"9":2,"10":2,"11":2,"12":2,"13":2,"15":2,"16":1,"17":1,"18":1,"19":1,"20":1,"21":1,"22":1,"23":1,"24":1,"25":0,"26":1,"27":1,"28":1,"29":1,"31":1,"32":2,"34":2,"35":1,"36":1,"38":1,"39":0,"40":0,"42":1,"43":1,"44":1,"45":1,"46":1,"47":1,"48":1,"49":1,"50":1,"52":1,"53":1,"54":1,"55":1,"56":1,"57":1,"58":1,"59":1,"60":1,"61":1,"62":1,"63":1,"64":1,"65":1,"66":1,"67":1,"68":1,"69":1,"70":1,"72":0,"74":2,"76":2,"78":1},"branchMap":{"0":{"type":"branch","line":8,"loc":{"start":{"line":8,"column":26},"end":{"line":77,"column":1}},"locations":[{"start":{"line":8,"column":26},"end":{"line":77,"column":1}}]},"1":{"type":"branch","line":35,"loc":{"start":{"line":35,"column":15},"end":{"line":71,"column":14}},"locations":[{"start":{"line":35,"column":15},"end":{"line":71,"column":14}}]},"2":{"type":"branch","line":71,"loc":{"start":{"line":71,"column":8},"end":{"line":73,"column":31}},"locations":[{"start":{"line":71,"column":8},"end":{"line":73,"column":31}}]},"3":{"type":"branch","line":16,"loc":{"start":{"line":16,"column":12},"end":{"line":33,"column":5}},"locations":[{"start":{"line":16,"column":12},"end":{"line":33,"column":5}}]},"4":{"type":"branch","line":17,"loc":{"start":{"line":17,"column":25},"end":{"line":30,"column":5}},"locations":[{"start":{"line":17,"column":25},"end":{"line":30,"column":5}}]},"5":{"type":"branch","line":25,"loc":{"start":{"line":25,"column":6},"end":{"line":27,"column":8}},"locations":[{"start":{"line":25,"column":6},"end":{"line":27,"column":8}}]}},"b":{"0":[2],"1":[1],"2":[0],"3":[1],"4":[1],"5":[0]},"fnMap":{"0":{"name":"Details","decl":{"start":{"line":8,"column":26},"end":{"line":77,"column":1}},"loc":{"start":{"line":8,"column":26},"end":{"line":77,"column":1}},"line":8},"1":{"name":"fetchDetails","decl":{"start":{"line":17,"column":25},"end":{"line":30,"column":5}},"loc":{"start":{"line":17,"column":25},"end":{"line":30,"column":5}},"line":17},"2":{"name":"handleCloseDetails","decl":{"start":{"line":39,"column":29},"end":{"line":41,"column":3}},"loc":{"start":{"line":39,"column":29},"end":{"line":41,"column":3}},"line":39}},"f":{"0":2,"1":1,"2":0}}
,"D:\\Программы\\Проги\\RSSchoolCourse\\src\\components\\ErrorBoundary\\ErrorBoundary.tsx": {"path":"D:\\Программы\\Проги\\RSSchoolCourse\\src\\components\\ErrorBoundary\\ErrorBoundary.tsx","all":true,"statementMap":{"0":{"start":{"line":1,"column":0},"end":{"line":1,"column":56}},"1":{"start":{"line":2,"column":0},"end":{"line":2,"column":29}},"12":{"start":{"line":13,"column":0},"end":{"line":13,"column":79}},"13":{"start":{"line":14,"column":0},"end":{"line":14,"column":75}},"15":{"start":{"line":16,"column":0},"end":{"line":16,"column":56}},"16":{"start":{"line":17,"column":0},"end":{"line":17,"column":59}},"17":{"start":{"line":18,"column":0},"end":{"line":18,"column":3}},"19":{"start":{"line":20,"column":0},"end":{"line":20,"column":64}},"20":{"start":{"line":21,"column":0},"end":{"line":21,"column":69}},"21":{"start":{"line":22,"column":0},"end":{"line":22,"column":3}},"23":{"start":{"line":24,"column":0},"end":{"line":24,"column":36}},"24":{"start":{"line":25,"column":0},"end":{"line":25,"column":43}},"25":{"start":{"line":26,"column":0},"end":{"line":26,"column":22}},"26":{"start":{"line":27,"column":0},"end":{"line":27,"column":4}},"28":{"start":{"line":29,"column":0},"end":{"line":29,"column":19}},"29":{"start":{"line":30,"column":0},"end":{"line":30,"column":30}},"30":{"start":{"line":31,"column":0},"end":{"line":31,"column":14}},"31":{"start":{"line":32,"column":0},"end":{"line":32,"column":29}},"32":{"start":{"line":33,"column":0},"end":{"line":33,"column":38}},"33":{"start":{"line":34,"column":0},"end":{"line":34,"column":62}},"34":{"start":{"line":35,"column":0},"end":{"line":35,"column":37}},"35":{"start":{"line":36,"column":0},"end":{"line":36,"column":16}},"36":{"start":{"line":37,"column":0},"end":{"line":37,"column":75}},"38":{"start":{"line":39,"column":0},"end":{"line":39,"column":19}},"39":{"start":{"line":40,"column":0},"end":{"line":40,"column":14}},"41":{"start":{"line":42,"column":0},"end":{"line":42,"column":5}},"42":{"start":{"line":43,"column":0},"end":{"line":43,"column":31}},"43":{"start":{"line":44,"column":0},"end":{"line":44,"column":3}},"44":{"start":{"line":45,"column":0},"end":{"line":45,"column":1}},"46":{"start":{"line":47,"column":0},"end":{"line":47,"column":29}}},"s":{"0":0,"1":0,"12":0,"13":0,"15":0,"16":0,"17":0,"19":0,"20":0,"21":0,"23":0,"24":0,"25":0,"26":0,"28":0,"29":0,"30":0,"31":0,"32":0,"33":0,"34":0,"35":0,"36":0,"38":0,"39":0,"41":0,"42":0,"43":0,"44":0,"46":0},"branchMap":{"0":{"type":"branch","line":1,"loc":{"start":{"line":1,"column":0},"end":{"line":47,"column":-201}},"locations":[{"start":{"line":1,"column":0},"end":{"line":47,"column":-201}}]}},"b":{"0":[0]},"fnMap":{"0":{"name":"(empty-report)","decl":{"start":{"line":1,"column":0},"end":{"line":47,"column":-201}},"loc":{"start":{"line":1,"column":0},"end":{"line":47,"column":-201}},"line":1}},"f":{"0":0}}
,"D:\\Программы\\Проги\\RSSchoolCourse\\src\\components\\Loader\\Loader.tsx": {"path":"D:\\Программы\\Проги\\RSSchoolCourse\\src\\components\\Loader\\Loader.tsx","all":false,"statementMap":{"0":{"start":{"line":1,"column":0},"end":{"line":1,"column":25}},"1":{"start":{"line":2,"column":0},"end":{"line":2,"column":21}},"2":{"start":{"line":3,"column":0},"end":{"line":3,"column":44}},"4":{"start":{"line":5,"column":0},"end":{"line":5,"column":32}},"5":{"start":{"line":6,"column":0},"end":{"line":6,"column":10}},"6":{"start":{"line":7,"column":0},"end":{"line":7,"column":35}},"7":{"start":{"line":8,"column":0},"end":{"line":8,"column":62}},"8":{"start":{"line":9,"column":0},"end":{"line":9,"column":10}},"10":{"start":{"line":11,"column":0},"end":{"line":11,"column":1}},"12":{"start":{"line":13,"column":0},"end":{"line":13,"column":21}}},"s":{"0":1,"1":1,"2":1,"4":1,"5":1,"6":1,"7":1,"8":1,"10":1,"12":1},"branchMap":{"0":{"type":"branch","line":5,"loc":{"start":{"line":5,"column":25},"end":{"line":11,"column":1}},"locations":[{"start":{"line":5,"column":25},"end":{"line":11,"column":1}}]}},"b":{"0":[1]},"fnMap":{"0":{"name":"Loader","decl":{"start":{"line":5,"column":25},"end":{"line":11,"column":1}},"loc":{"start":{"line":5,"column":25},"end":{"line":11,"column":1}},"line":5}},"f":{"0":1}}
,"D:\\Программы\\Проги\\RSSchoolCourse\\src\\components\\Pagination\\Pagination.test.tsx": {"path":"D:\\Программы\\Проги\\RSSchoolCourse\\src\\components\\Pagination\\Pagination.test.tsx","all":false,"statementMap":{"0":{"start":{"line":1,"column":0},"end":{"line":1,"column":58}},"1":{"start":{"line":2,"column":0},"end":{"line":2,"column":47}},"2":{"start":{"line":3,"column":0},"end":{"line":3,"column":37}},"3":{"start":{"line":4,"column":0},"end":{"line":4,"column":61}},"5":{"start":{"line":6,"column":0},"end":{"line":6,"column":40}},"6":{"start":{"line":7,"column":0},"end":{"line":7,"column":30}},"8":{"start":{"line":9,"column":0},"end":{"line":9,"column":20}},"9":{"start":{"line":10,"column":0},"end":{"line":10,"column":28}},"10":{"start":{"line":11,"column":0},"end":{"line":11,"column":4}},"12":{"start":{"line":13,"column":0},"end":{"line":13,"column":72}},"13":{"start":{"line":14,"column":0},"end":{"line":14,"column":18}},"14":{"start":{"line":15,"column":0},"end":{"line":15,"column":63}},"15":{"start":{"line":16,"column":0},"end":{"line":16,"column":19}},"16":{"start":{"line":17,"column":0},"end":{"line":17,"column":35}},"17":{"start":{"line":18,"column":0},"end":{"line":18,"column":33}},"18":{"start":{"line":19,"column":0},"end":{"line":19,"column":37}},"19":{"start":{"line":20,"column":0},"end":{"line":20,"column":10}},"20":{"start":{"line":21,"column":0},"end":{"line":21,"column":21}},"21":{"start":{"line":22,"column":0},"end":{"line":22,"column":5}},"22":{"start":{"line":23,"column":0},"end":{"line":23,"column":3}},"24":{"start":{"line":25,"column":0},"end":{"line":25,"column":67}},"25":{"start":{"line":26,"column":0},"end":{"line":26,"column":48}},"27":{"start":{"line":28,"column":0},"end":{"line":28,"column":72}},"28":{"start":{"line":29,"column":0},"end":{"line":29,"column":46}},"29":{"start":{"line":30,"column":0},"end":{"line":30,"column":25}},"30":{"start":{"line":31,"column":0},"end":{"line":31,"column":37}},"31":{"start":{"line":32,"column":0},"end":{"line":32,"column":5}},"33":{"start":{"line":34,"column":0},"end":{"line":34,"column":48}},"34":{"start":{"line":35,"column":0},"end":{"line":35,"column":4}},"35":{"start":{"line":36,"column":0},"end":{"line":36,"column":2}}},"s":{"0":1,"1":1,"2":1,"3":1,"5":1,"6":1,"8":1,"9":1,"10":1,"12":1,"13":1,"14":1,"15":1,"16":1,"17":1,"18":1,"19":1,"20":1,"21":1,"22":1,"24":1,"25":1,"27":1,"28":1,"29":1,"30":1,"31":1,"33":1,"34":1,"35":1},"branchMap":{"0":{"type":"branch","line":6,"loc":{"start":{"line":6,"column":33},"end":{"line":36,"column":2}},"locations":[{"start":{"line":6,"column":33},"end":{"line":36,"column":2}}]},"1":{"type":"branch","line":9,"loc":{"start":{"line":9,"column":13},"end":{"line":11,"column":3}},"locations":[{"start":{"line":9,"column":13},"end":{"line":11,"column":3}}]},"2":{"type":"branch","line":13,"loc":{"start":{"line":13,"column":26},"end":{"line":23,"column":3}},"locations":[{"start":{"line":13,"column":26},"end":{"line":23,"column":3}}]},"3":{"type":"branch","line":25,"loc":{"start":{"line":25,"column":60},"end":{"line":35,"column":3}},"locations":[{"start":{"line":25,"column":60},"end":{"line":35,"column":3}}]}},"b":{"0":[1],"1":[1],"2":[1],"3":[1]},"fnMap":{"0":{"name":"renderComponent","decl":{"start":{"line":13,"column":26},"end":{"line":23,"column":3}},"loc":{"start":{"line":13,"column":26},"end":{"line":23,"column":3}},"line":13}},"f":{"0":1}}
,"D:\\Программы\\Проги\\RSSchoolCourse\\src\\components\\Pagination\\Pagination.tsx": {"path":"D:\\Программы\\Проги\\RSSchoolCourse\\src\\components\\Pagination\\Pagination.tsx","all":false,"statementMap":{"0":{"start":{"line":1,"column":0},"end":{"line":1,"column":25}},"1":{"start":{"line":2,"column":0},"end":{"line":2,"column":39}},"2":{"start":{"line":3,"column":0},"end":{"line":3,"column":25}},"10":{"start":{"line":11,"column":0},"end":{"line":11,"column":48}},"11":{"start":{"line":12,"column":0},"end":{"line":12,"column":14}},"12":{"start":{"line":13,"column":0},"end":{"line":13,"column":13}},"13":{"start":{"line":14,"column":0},"end":{"line":14,"column":15}},"14":{"start":{"line":15,"column":0},"end":{"line":15,"column":7}},"15":{"start":{"line":16,"column":0},"end":{"line":16,"column":21}},"16":{"start":{"line":17,"column":0},"end":{"line":17,"column":18}},"18":{"start":{"line":19,"column":0},"end":{"line":19,"column":70}},"19":{"start":{"line":20,"column":0},"end":{"line":20,"column":65}},"21":{"start":{"line":22,"column":0},"end":{"line":22,"column":44}},"22":{"start":{"line":23,"column":0},"end":{"line":23,"column":52}},"23":{"start":{"line":24,"column":0},"end":{"line":24,"column":3}},"25":{"start":{"line":26,"column":0},"end":{"line":26,"column":46}},"26":{"start":{"line":27,"column":0},"end":{"line":27,"column":17}},"27":{"start":{"line":28,"column":0},"end":{"line":28,"column":3}},"29":{"start":{"line":30,"column":0},"end":{"line":30,"column":10}},"30":{"start":{"line":31,"column":0},"end":{"line":31,"column":32}},"31":{"start":{"line":32,"column":0},"end":{"line":32,"column":27}},"32":{"start":{"line":33,"column":0},"end":{"line":33,"column":70}},"33":{"start":{"line":34,"column":0},"end":{"line":34,"column":15}},"34":{"start":{"line":35,"column":0},"end":{"line":35,"column":15}},"37":{"start":{"line":38,"column":0},"end":{"line":38,"column":25}},"38":{"start":{"line":39,"column":0},"end":{"line":39,"column":10}},"39":{"start":{"line":40,"column":0},"end":{"line":40,"column":49}},"41":{"start":{"line":42,"column":0},"end":{"line":42,"column":17}},"42":{"start":{"line":43,"column":0},"end":{"line":43,"column":62}},"43":{"start":{"line":44,"column":0},"end":{"line":44,"column":11}},"46":{"start":{"line":47,"column":0},"end":{"line":47,"column":28}},"47":{"start":{"line":48,"column":0},"end":{"line":48,"column":13}},"48":{"start":{"line":49,"column":0},"end":{"line":49,"column":20}},"49":{"start":{"line":50,"column":0},"end":{"line":50,"column":31}},"50":{"start":{"line":51,"column":0},"end":{"line":51,"column":66}},"51":{"start":{"line":52,"column":0},"end":{"line":52,"column":75}},"53":{"start":{"line":54,"column":0},"end":{"line":54,"column":16}},"54":{"start":{"line":55,"column":0},"end":{"line":55,"column":15}},"55":{"start":{"line":56,"column":0},"end":{"line":56,"column":9}},"57":{"start":{"line":58,"column":0},"end":{"line":58,"column":32}},"58":{"start":{"line":59,"column":0},"end":{"line":59,"column":10}},"59":{"start":{"line":60,"column":0},"end":{"line":60,"column":73}},"60":{"start":{"line":61,"column":0},"end":{"line":61,"column":61}},"61":{"start":{"line":62,"column":0},"end":{"line":62,"column":24}},"62":{"start":{"line":63,"column":0},"end":{"line":63,"column":17}},"63":{"start":{"line":64,"column":0},"end":{"line":64,"column":11}},"66":{"start":{"line":67,"column":0},"end":{"line":67,"column":36}},"67":{"start":{"line":68,"column":0},"end":{"line":68,"column":70}},"68":{"start":{"line":69,"column":0},"end":{"line":69,"column":15}},"69":{"start":{"line":70,"column":0},"end":{"line":70,"column":15}},"71":{"start":{"line":72,"column":0},"end":{"line":72,"column":10}},"73":{"start":{"line":74,"column":0},"end":{"line":74,"column":1}},"75":{"start":{"line":76,"column":0},"end":{"line":76,"column":25}}},"s":{"0":1,"1":1,"2":1,"10":1,"11":1,"12":1,"13":1,"14":1,"15":1,"16":1,"18":1,"19":1,"21":1,"22":0,"23":0,"25":1,"26":5,"27":5,"29":1,"30":1,"31":1,"32":0,"33":0,"34":0,"37":1,"38":0,"39":0,"41":0,"42":0,"43":0,"46":1,"47":5,"48":5,"49":5,"50":5,"51":5,"53":5,"54":5,"55":1,"57":1,"58":1,"59":1,"60":1,"61":1,"62":1,"63":1,"66":1,"67":1,"68":1,"69":1,"71":1,"73":1,"75":1},"branchMap":{"0":{"type":"branch","line":11,"loc":{"start":{"line":11,"column":46},"end":{"line":74,"column":1}},"locations":[{"start":{"line":11,"column":46},"end":{"line":74,"column":1}}]},"1":{"type":"branch","line":22,"loc":{"start":{"line":22,"column":43},"end":{"line":24,"column":3}},"locations":[{"start":{"line":22,"column":43},"end":{"line":24,"column":3}}]},"2":{"type":"branch","line":26,"loc":{"start":{"line":26,"column":45},"end":{"line":28,"column":3}},"locations":[{"start":{"line":26,"column":45},"end":{"line":28,"column":3}}]},"3":{"type":"branch","line":32,"loc":{"start":{"line":32,"column":21},"end":{"line":35,"column":15}},"locations":[{"start":{"line":32,"column":21},"end":{"line":35,"column":15}}]},"4":{"type":"branch","line":38,"loc":{"start":{"line":38,"column":19},"end":{"line":44,"column":11}},"locations":[{"start":{"line":38,"column":19},"end":{"line":44,"column":11}}]},"5":{"type":"branch","line":47,"loc":{"start":{"line":47,"column":17},"end":{"line":55,"column":15}},"locations":[{"start":{"line":47,"column":17},"end":{"line":55,"column":15}}]},"6":{"type":"branch","line":51,"loc":{"start":{"line":51,"column":30},"end":{"line":51,"column":59}},"locations":[{"start":{"line":51,"column":30},"end":{"line":51,"column":59}}]},"7":{"type":"branch","line":51,"loc":{"start":{"line":51,"column":44},"end":{"line":51,"column":66}},"locations":[{"start":{"line":51,"column":44},"end":{"line":51,"column":66}}]},"8":{"type":"branch","line":52,"loc":{"start":{"line":52,"column":19},"end":{"line":52,"column":75}},"locations":[{"start":{"line":52,"column":19},"end":{"line":52,"column":75}}]}},"b":{"0":[1],"1":[0],"2":[5],"3":[0],"4":[0],"5":[5],"6":[1],"7":[4],"8":[1]},"fnMap":{"0":{"name":"Pagination","decl":{"start":{"line":11,"column":46},"end":{"line":74,"column":1}},"loc":{"start":{"line":11,"column":46},"end":{"line":74,"column":1}},"line":11},"1":{"name":"onClick","decl":{"start":{"line":52,"column":19},"end":{"line":52,"column":75}},"loc":{"start":{"line":52,"column":19},"end":{"line":52,"column":75}},"line":52}},"f":{"0":1,"1":1}}
,"D:\\Программы\\Проги\\RSSchoolCourse\\src\\components\\Results\\Results.test.tsx": {"path":"D:\\Программы\\Проги\\RSSchoolCourse\\src\\components\\Results\\Results.test.tsx","all":false,"statementMap":{"0":{"start":{"line":1,"column":0},"end":{"line":1,"column":66}},"1":{"start":{"line":2,"column":0},"end":{"line":2,"column":31}},"3":{"start":{"line":4,"column":0},"end":{"line":4,"column":49}},"5":{"start":{"line":6,"column":0},"end":{"line":6,"column":37}},"6":{"start":{"line":7,"column":0},"end":{"line":7,"column":3}},"7":{"start":{"line":8,"column":0},"end":{"line":8,"column":10}},"8":{"start":{"line":9,"column":0},"end":{"line":9,"column":25}},"9":{"start":{"line":10,"column":0},"end":{"line":10,"column":20}},"10":{"start":{"line":11,"column":0},"end":{"line":11,"column":21}},"11":{"start":{"line":12,"column":0},"end":{"line":12,"column":13}},"12":{"start":{"line":13,"column":0},"end":{"line":13,"column":19}},"13":{"start":{"line":14,"column":0},"end":{"line":14,"column":42}},"14":{"start":{"line":15,"column":0},"end":{"line":15,"column":26}},"15":{"start":{"line":16,"column":0},"end":{"line":16,"column":4}},"16":{"start":{"line":17,"column":0},"end":{"line":17,"column":3}},"17":{"start":{"line":18,"column":0},"end":{"line":18,"column":10}},"18":{"start":{"line":19,"column":0},"end":{"line":19,"column":24}},"19":{"start":{"line":20,"column":0},"end":{"line":20,"column":20}},"20":{"start":{"line":21,"column":0},"end":{"line":21,"column":21}},"21":{"start":{"line":22,"column":0},"end":{"line":22,"column":13}},"22":{"start":{"line":23,"column":0},"end":{"line":23,"column":19}},"23":{"start":{"line":24,"column":0},"end":{"line":24,"column":43}},"24":{"start":{"line":25,"column":0},"end":{"line":25,"column":26}},"25":{"start":{"line":26,"column":0},"end":{"line":26,"column":4}},"26":{"start":{"line":27,"column":0},"end":{"line":27,"column":1}},"28":{"start":{"line":29,"column":0},"end":{"line":29,"column":37}},"29":{"start":{"line":30,"column":0},"end":{"line":30,"column":53}},"30":{"start":{"line":31,"column":0},"end":{"line":31,"column":66}},"32":{"start":{"line":33,"column":0},"end":{"line":33,"column":64}},"33":{"start":{"line":34,"column":0},"end":{"line":34,"column":50}},"34":{"start":{"line":35,"column":0},"end":{"line":35,"column":4}},"36":{"start":{"line":37,"column":0},"end":{"line":37,"column":71}},"37":{"start":{"line":38,"column":0},"end":{"line":38,"column":57}},"39":{"start":{"line":40,"column":0},"end":{"line":40,"column":68}},"40":{"start":{"line":41,"column":0},"end":{"line":41,"column":4}},"42":{"start":{"line":43,"column":0},"end":{"line":43,"column":46}},"43":{"start":{"line":44,"column":0},"end":{"line":44,"column":66}},"45":{"start":{"line":46,"column":0},"end":{"line":46,"column":37}},"46":{"start":{"line":47,"column":0},"end":{"line":47,"column":63}},"47":{"start":{"line":48,"column":0},"end":{"line":48,"column":6}},"48":{"start":{"line":49,"column":0},"end":{"line":49,"column":4}},"50":{"start":{"line":51,"column":0},"end":{"line":51,"column":70}},"51":{"start":{"line":52,"column":0},"end":{"line":52,"column":35}},"53":{"start":{"line":54,"column":0},"end":{"line":54,"column":73}},"55":{"start":{"line":56,"column":0},"end":{"line":56,"column":59}},"56":{"start":{"line":57,"column":0},"end":{"line":57,"column":30}},"58":{"start":{"line":59,"column":0},"end":{"line":59,"column":67}},"59":{"start":{"line":60,"column":0},"end":{"line":60,"column":4}},"60":{"start":{"line":61,"column":0},"end":{"line":61,"column":2}}},"s":{"0":1,"1":1,"3":1,"5":1,"6":1,"7":1,"8":1,"9":1,"10":1,"11":1,"12":1,"13":1,"14":1,"15":1,"16":1,"17":1,"18":1,"19":1,"20":1,"21":1,"22":1,"23":1,"24":1,"25":1,"26":1,"28":1,"29":1,"30":1,"32":1,"33":1,"34":1,"36":1,"37":1,"39":1,"40":1,"42":1,"43":1,"45":1,"46":2,"47":1,"48":1,"50":1,"51":1,"53":1,"55":1,"56":1,"58":1,"59":1,"60":1},"branchMap":{"0":{"type":"branch","line":29,"loc":{"start":{"line":29,"column":30},"end":{"line":61,"column":2}},"locations":[{"start":{"line":29,"column":30},"end":{"line":61,"column":2}}]},"1":{"type":"branch","line":30,"loc":{"start":{"line":30,"column":46},"end":{"line":35,"column":3}},"locations":[{"start":{"line":30,"column":46},"end":{"line":35,"column":3}}]},"2":{"type":"branch","line":37,"loc":{"start":{"line":37,"column":64},"end":{"line":41,"column":3}},"locations":[{"start":{"line":37,"column":64},"end":{"line":41,"column":3}}]},"3":{"type":"branch","line":43,"loc":{"start":{"line":43,"column":39},"end":{"line":49,"column":3}},"locations":[{"start":{"line":43,"column":39},"end":{"line":49,"column":3}}]},"4":{"type":"branch","line":46,"loc":{"start":{"line":46,"column":24},"end":{"line":48,"column":5}},"locations":[{"start":{"line":46,"column":24},"end":{"line":48,"column":5}}]},"5":{"type":"branch","line":51,"loc":{"start":{"line":51,"column":63},"end":{"line":60,"column":3}},"locations":[{"start":{"line":51,"column":63},"end":{"line":60,"column":3}}]}},"b":{"0":[1],"1":[1],"2":[1],"3":[1],"4":[2],"5":[1]},"fnMap":{"0":{"name":"onItemClick","decl":{"start":{"line":31,"column":53},"end":{"line":31,"column":63}},"loc":{"start":{"line":31,"column":53},"end":{"line":31,"column":63}},"line":31},"1":{"name":"onItemClick","decl":{"start":{"line":38,"column":44},"end":{"line":38,"column":54}},"loc":{"start":{"line":38,"column":44},"end":{"line":38,"column":54}},"line":38},"2":{"name":"onItemClick","decl":{"start":{"line":44,"column":53},"end":{"line":44,"column":63}},"loc":{"start":{"line":44,"column":53},"end":{"line":44,"column":63}},"line":44}},"f":{"0":0,"1":0,"2":0}}
,"D:\\Программы\\Проги\\RSSchoolCourse\\src\\components\\Results\\Results.tsx": {"path":"D:\\Программы\\Проги\\RSSchoolCourse\\src\\components\\Results\\Results.tsx","all":false,"statementMap":{"0":{"start":{"line":1,"column":0},"end":{"line":1,"column":25}},"2":{"start":{"line":3,"column":0},"end":{"line":3,"column":22}},"9":{"start":{"line":10,"column":0},"end":{"line":10,"column":69}},"10":{"start":{"line":11,"column":0},"end":{"line":11,"column":10}},"11":{"start":{"line":12,"column":0},"end":{"line":12,"column":29}},"12":{"start":{"line":13,"column":0},"end":{"line":13,"column":29}},"13":{"start":{"line":14,"column":0},"end":{"line":14,"column":35}},"15":{"start":{"line":16,"column":0},"end":{"line":16,"column":29}},"16":{"start":{"line":17,"column":0},"end":{"line":17,"column":14}},"17":{"start":{"line":18,"column":0},"end":{"line":18,"column":25}},"18":{"start":{"line":19,"column":0},"end":{"line":19,"column":32}},"19":{"start":{"line":20,"column":0},"end":{"line":20,"column":48}},"21":{"start":{"line":22,"column":0},"end":{"line":22,"column":53}},"22":{"start":{"line":23,"column":0},"end":{"line":23,"column":60}},"23":{"start":{"line":24,"column":0},"end":{"line":24,"column":16}},"24":{"start":{"line":25,"column":0},"end":{"line":25,"column":10}},"26":{"start":{"line":27,"column":0},"end":{"line":27,"column":10}},"28":{"start":{"line":29,"column":0},"end":{"line":29,"column":1}},"30":{"start":{"line":31,"column":0},"end":{"line":31,"column":22}}},"s":{"0":1,"2":1,"9":1,"10":4,"11":4,"12":4,"13":1,"15":3,"16":6,"17":6,"18":6,"19":6,"21":6,"22":6,"23":6,"24":3,"26":4,"28":4,"30":1},"branchMap":{"0":{"type":"branch","line":10,"loc":{"start":{"line":10,"column":40},"end":{"line":29,"column":1}},"locations":[{"start":{"line":10,"column":40},"end":{"line":29,"column":1}}]},"1":{"type":"branch","line":13,"loc":{"start":{"line":13,"column":24},"end":{"line":14,"column":35}},"locations":[{"start":{"line":13,"column":24},"end":{"line":14,"column":35}}]},"2":{"type":"branch","line":14,"loc":{"start":{"line":14,"column":29},"end":{"line":25,"column":10}},"locations":[{"start":{"line":14,"column":29},"end":{"line":25,"column":10}}]},"3":{"type":"branch","line":16,"loc":{"start":{"line":16,"column":18},"end":{"line":24,"column":16}},"locations":[{"start":{"line":16,"column":18},"end":{"line":24,"column":16}}]},"4":{"type":"branch","line":20,"loc":{"start":{"line":20,"column":21},"end":{"line":20,"column":48}},"locations":[{"start":{"line":20,"column":21},"end":{"line":20,"column":48}}]}},"b":{"0":[4],"1":[1],"2":[3],"3":[6],"4":[1]},"fnMap":{"0":{"name":"Results","decl":{"start":{"line":10,"column":40},"end":{"line":29,"column":1}},"loc":{"start":{"line":10,"column":40},"end":{"line":29,"column":1}},"line":10},"1":{"name":"onClick","decl":{"start":{"line":20,"column":21},"end":{"line":20,"column":48}},"loc":{"start":{"line":20,"column":21},"end":{"line":20,"column":48}},"line":20}},"f":{"0":4,"1":1}}
,"D:\\Программы\\Проги\\RSSchoolCourse\\src\\components\\SearchBar\\SearchBar.test.tsx": {"path":"D:\\Программы\\Проги\\RSSchoolCourse\\src\\components\\SearchBar\\SearchBar.test.tsx","all":false,"statementMap":{"0":{"start":{"line":1,"column":0},"end":{"line":1,"column":66}},"1":{"start":{"line":2,"column":0},"end":{"line":2,"column":57}},"2":{"start":{"line":3,"column":0},"end":{"line":3,"column":35}},"4":{"start":{"line":5,"column":0},"end":{"line":5,"column":29}},"5":{"start":{"line":6,"column":0},"end":{"line":6,"column":40}},"7":{"start":{"line":8,"column":0},"end":{"line":8,"column":10}},"8":{"start":{"line":9,"column":0},"end":{"line":9,"column":49}},"9":{"start":{"line":10,"column":0},"end":{"line":10,"column":46}},"10":{"start":{"line":11,"column":0},"end":{"line":11,"column":24}},"11":{"start":{"line":12,"column":0},"end":{"line":12,"column":6}},"12":{"start":{"line":13,"column":0},"end":{"line":13,"column":18}},"13":{"start":{"line":14,"column":0},"end":{"line":14,"column":16}},"14":{"start":{"line":15,"column":0},"end":{"line":15,"column":6}},"15":{"start":{"line":16,"column":0},"end":{"line":16,"column":34}},"16":{"start":{"line":17,"column":0},"end":{"line":17,"column":23}},"17":{"start":{"line":18,"column":0},"end":{"line":18,"column":6}},"18":{"start":{"line":19,"column":0},"end":{"line":19,"column":3}},"19":{"start":{"line":20,"column":0},"end":{"line":20,"column":1}},"21":{"start":{"line":22,"column":0},"end":{"line":22,"column":39}},"22":{"start":{"line":23,"column":0},"end":{"line":23,"column":45}},"24":{"start":{"line":25,"column":0},"end":{"line":25,"column":20}},"25":{"start":{"line":26,"column":0},"end":{"line":26,"column":51}},"26":{"start":{"line":27,"column":0},"end":{"line":27,"column":30}},"27":{"start":{"line":28,"column":0},"end":{"line":28,"column":6}},"28":{"start":{"line":29,"column":0},"end":{"line":29,"column":28}},"29":{"start":{"line":30,"column":0},"end":{"line":30,"column":4}},"31":{"start":{"line":32,"column":0},"end":{"line":32,"column":86}},"32":{"start":{"line":33,"column":0},"end":{"line":33,"column":37}},"33":{"start":{"line":34,"column":0},"end":{"line":34,"column":44}},"34":{"start":{"line":35,"column":0},"end":{"line":35,"column":46}},"35":{"start":{"line":36,"column":0},"end":{"line":36,"column":5}},"37":{"start":{"line":38,"column":0},"end":{"line":38,"column":63}},"39":{"start":{"line":40,"column":0},"end":{"line":40,"column":51}},"40":{"start":{"line":41,"column":0},"end":{"line":41,"column":36}},"41":{"start":{"line":42,"column":0},"end":{"line":42,"column":6}},"42":{"start":{"line":43,"column":0},"end":{"line":43,"column":68}},"44":{"start":{"line":45,"column":0},"end":{"line":45,"column":63}},"45":{"start":{"line":46,"column":0},"end":{"line":46,"column":4}},"47":{"start":{"line":48,"column":0},"end":{"line":48,"column":68}},"48":{"start":{"line":49,"column":0},"end":{"line":49,"column":36}},"49":{"start":{"line":50,"column":0},"end":{"line":50,"column":50}},"51":{"start":{"line":52,"column":0},"end":{"line":52,"column":69}},"53":{"start":{"line":54,"column":0},"end":{"line":54,"column":63}},"54":{"start":{"line":55,"column":0},"end":{"line":55,"column":4}},"55":{"start":{"line":56,"column":0},"end":{"line":56,"column":2}}},"s":{"0":1,"1":1,"2":1,"4":1,"5":1,"7":1,"8":1,"9":1,"10":2,"11":2,"12":1,"13":2,"14":2,"15":1,"16":0,"17":0,"18":1,"19":1,"21":1,"22":1,"24":1,"25":2,"26":2,"27":2,"28":2,"29":1,"31":1,"32":1,"33":1,"34":1,"35":1,"37":1,"39":1,"40":1,"41":1,"42":1,"44":1,"45":1,"47":1,"48":1,"49":1,"51":1,"53":1,"54":1,"55":1},"branchMap":{"0":{"type":"branch","line":5,"loc":{"start":{"line":5,"column":0},"end":{"line":20,"column":1}},"locations":[{"start":{"line":5,"column":0},"end":{"line":20,"column":1}}]},"1":{"type":"branch","line":9,"loc":{"start":{"line":9,"column":13},"end":{"line":9,"column":49}},"locations":[{"start":{"line":9,"column":13},"end":{"line":9,"column":49}}]},"2":{"type":"branch","line":9,"loc":{"start":{"line":9,"column":39},"end":{"line":9,"column":49}},"locations":[{"start":{"line":9,"column":39},"end":{"line":9,"column":49}}]},"3":{"type":"branch","line":10,"loc":{"start":{"line":10,"column":13},"end":{"line":12,"column":6}},"locations":[{"start":{"line":10,"column":13},"end":{"line":12,"column":6}}]},"4":{"type":"branch","line":13,"loc":{"start":{"line":13,"column":11},"end":{"line":15,"column":6}},"locations":[{"start":{"line":13,"column":11},"end":{"line":15,"column":6}}]},"5":{"type":"branch","line":22,"loc":{"start":{"line":22,"column":32},"end":{"line":56,"column":2}},"locations":[{"start":{"line":22,"column":32},"end":{"line":56,"column":2}}]},"6":{"type":"branch","line":25,"loc":{"start":{"line":25,"column":13},"end":{"line":30,"column":3}},"locations":[{"start":{"line":25,"column":13},"end":{"line":30,"column":3}}]},"7":{"type":"branch","line":32,"loc":{"start":{"line":32,"column":79},"end":{"line":46,"column":3}},"locations":[{"start":{"line":32,"column":79},"end":{"line":46,"column":3}}]},"8":{"type":"branch","line":34,"loc":{"start":{"line":34,"column":25},"end":{"line":36,"column":5}},"locations":[{"start":{"line":34,"column":25},"end":{"line":36,"column":5}}]},"9":{"type":"branch","line":48,"loc":{"start":{"line":48,"column":61},"end":{"line":55,"column":3}},"locations":[{"start":{"line":48,"column":61},"end":{"line":55,"column":3}}]}},"b":{"0":[1],"1":[1],"2":[0],"3":[2],"4":[2],"5":[1],"6":[2],"7":[1],"8":[1],"9":[1]},"fnMap":{"0":{"name":"mockLocalStorage","decl":{"start":{"line":5,"column":0},"end":{"line":20,"column":1}},"loc":{"start":{"line":5,"column":0},"end":{"line":20,"column":1}},"line":5},"1":{"name":"getItem","decl":{"start":{"line":9,"column":13},"end":{"line":9,"column":49}},"loc":{"start":{"line":9,"column":13},"end":{"line":9,"column":49}},"line":9},"2":{"name":"setItem","decl":{"start":{"line":10,"column":13},"end":{"line":12,"column":6}},"loc":{"start":{"line":10,"column":13},"end":{"line":12,"column":6}},"line":10},"3":{"name":"clear","decl":{"start":{"line":13,"column":11},"end":{"line":15,"column":6}},"loc":{"start":{"line":13,"column":11},"end":{"line":15,"column":6}},"line":13},"4":{"name":"removeItem","decl":{"start":{"line":16,"column":16},"end":{"line":18,"column":6}},"loc":{"start":{"line":16,"column":16},"end":{"line":18,"column":6}},"line":16},"5":{"name":"handleSearch","decl":{"start":{"line":34,"column":25},"end":{"line":36,"column":5}},"loc":{"start":{"line":34,"column":25},"end":{"line":36,"column":5}},"line":34},"6":{"name":"onSearch","decl":{"start":{"line":52,"column":56},"end":{"line":52,"column":66}},"loc":{"start":{"line":52,"column":56},"end":{"line":52,"column":66}},"line":52}},"f":{"0":1,"1":1,"2":2,"3":2,"4":0,"5":1,"6":0}}
,"D:\\Программы\\Проги\\RSSchoolCourse\\src\\components\\SearchBar\\SearchBar.tsx": {"path":"D:\\Программы\\Проги\\RSSchoolCourse\\src\\components\\SearchBar\\SearchBar.tsx","all":false,"statementMap":{"0":{"start":{"line":1,"column":0},"end":{"line":1,"column":40}},"1":{"start":{"line":2,"column":0},"end":{"line":2,"column":24}},"12":{"start":{"line":13,"column":0},"end":{"line":13,"column":67}},"13":{"start":{"line":14,"column":0},"end":{"line":14,"column":27}},"14":{"start":{"line":15,"column":0},"end":{"line":15,"column":38}},"15":{"start":{"line":16,"column":0},"end":{"line":16,"column":3}},"17":{"start":{"line":18,"column":0},"end":{"line":18,"column":66}},"18":{"start":{"line":19,"column":0},"end":{"line":19,"column":53}},"19":{"start":{"line":20,"column":0},"end":{"line":20,"column":3}},"21":{"start":{"line":22,"column":0},"end":{"line":22,"column":24}},"22":{"start":{"line":23,"column":0},"end":{"line":23,"column":46}},"23":{"start":{"line":24,"column":0},"end":{"line":24,"column":3}},"25":{"start":{"line":26,"column":0},"end":{"line":26,"column":12}},"26":{"start":{"line":27,"column":0},"end":{"line":27,"column":12}},"27":{"start":{"line":28,"column":0},"end":{"line":28,"column":34}},"28":{"start":{"line":29,"column":0},"end":{"line":29,"column":14}},"29":{"start":{"line":30,"column":0},"end":{"line":30,"column":34}},"30":{"start":{"line":31,"column":0},"end":{"line":31,"column":21}},"31":{"start":{"line":32,"column":0},"end":{"line":32,"column":39}},"32":{"start":{"line":33,"column":0},"end":{"line":33,"column":38}},"33":{"start":{"line":34,"column":0},"end":{"line":34,"column":10}},"34":{"start":{"line":35,"column":0},"end":{"line":35,"column":59}},"35":{"start":{"line":36,"column":0},"end":{"line":36,"column":12}},"37":{"start":{"line":38,"column":0},"end":{"line":38,"column":3}},"38":{"start":{"line":39,"column":0},"end":{"line":39,"column":1}},"40":{"start":{"line":41,"column":0},"end":{"line":41,"column":24}}},"s":{"0":1,"1":1,"12":2,"13":2,"14":2,"15":2,"17":2,"18":1,"19":1,"21":2,"22":1,"23":1,"25":1,"26":3,"27":3,"28":3,"29":3,"30":3,"31":3,"32":3,"33":3,"34":3,"35":3,"37":3,"38":1,"40":1},"branchMap":{"0":{"type":"branch","line":13,"loc":{"start":{"line":13,"column":0},"end":{"line":24,"column":3}},"locations":[{"start":{"line":13,"column":0},"end":{"line":24,"column":3}}]},"1":{"type":"branch","line":18,"loc":{"start":{"line":18,"column":17},"end":{"line":20,"column":3}},"locations":[{"start":{"line":18,"column":17},"end":{"line":20,"column":3}}]},"2":{"type":"branch","line":22,"loc":{"start":{"line":22,"column":17},"end":{"line":24,"column":3}},"locations":[{"start":{"line":22,"column":17},"end":{"line":24,"column":3}}]},"3":{"type":"branch","line":26,"loc":{"start":{"line":26,"column":2},"end":{"line":38,"column":3}},"locations":[{"start":{"line":26,"column":2},"end":{"line":38,"column":3}}]}},"b":{"0":[2],"1":[1],"2":[1],"3":[3]},"fnMap":{"0":{"name":"SearchBar","decl":{"start":{"line":13,"column":0},"end":{"line":24,"column":3}},"loc":{"start":{"line":13,"column":0},"end":{"line":24,"column":3}},"line":13},"1":{"name":"SearchBar.handleChange","decl":{"start":{"line":18,"column":17},"end":{"line":20,"column":3}},"loc":{"start":{"line":18,"column":17},"end":{"line":20,"column":3}},"line":18},"2":{"name":"SearchBar.handleSearch","decl":{"start":{"line":22,"column":17},"end":{"line":24,"column":3}},"loc":{"start":{"line":22,"column":17},"end":{"line":24,"column":3}},"line":22},"3":{"name":"render","decl":{"start":{"line":26,"column":2},"end":{"line":38,"column":3}},"loc":{"start":{"line":26,"column":2},"end":{"line":38,"column":3}},"line":26}},"f":{"0":2,"1":1,"2":1,"3":3}}
,"D:\\Программы\\Проги\\RSSchoolCourse\\src\\hooks\\useQuery.tsx": {"path":"D:\\Программы\\Проги\\RSSchoolCourse\\src\\hooks\\useQuery.tsx","all":false,"statementMap":{"0":{"start":{"line":1,"column":0},"end":{"line":1,"column":46}},"2":{"start":{"line":3,"column":0},"end":{"line":3,"column":24}},"3":{"start":{"line":4,"column":0},"end":{"line":4,"column":50}},"4":{"start":{"line":5,"column":0},"end":{"line":5,"column":1}},"6":{"start":{"line":7,"column":0},"end":{"line":7,"column":23}}},"s":{"0":1,"2":1,"3":2,"4":2,"6":1},"branchMap":{"0":{"type":"branch","line":3,"loc":{"start":{"line":3,"column":17},"end":{"line":5,"column":1}},"locations":[{"start":{"line":3,"column":17},"end":{"line":5,"column":1}}]}},"b":{"0":[2]},"fnMap":{"0":{"name":"useQuery","decl":{"start":{"line":3,"column":17},"end":{"line":5,"column":1}},"loc":{"start":{"line":3,"column":17},"end":{"line":5,"column":1}},"line":3}},"f":{"0":2}}
,"D:\\Программы\\Проги\\RSSchoolCourse\\src\\hooks\\useSearchQuery.tsx": {"path":"D:\\Программы\\Проги\\RSSchoolCourse\\src\\hooks\\useSearchQuery.tsx","all":true,"statementMap":{"0":{"start":{"line":1,"column":0},"end":{"line":1,"column":44}},"2":{"start":{"line":3,"column":0},"end":{"line":3,"column":63}},"3":{"start":{"line":4,"column":0},"end":{"line":4,"column":44}},"4":{"start":{"line":5,"column":0},"end":{"line":5,"column":44}},"5":{"start":{"line":6,"column":0},"end":{"line":6,"column":49}},"6":{"start":{"line":7,"column":0},"end":{"line":7,"column":5}},"8":{"start":{"line":9,"column":0},"end":{"line":9,"column":19}},"9":{"start":{"line":10,"column":0},"end":{"line":10,"column":18}},"10":{"start":{"line":11,"column":0},"end":{"line":11,"column":39}},"11":{"start":{"line":12,"column":0},"end":{"line":12,"column":6}},"12":{"start":{"line":13,"column":0},"end":{"line":13,"column":19}},"14":{"start":{"line":15,"column":0},"end":{"line":15,"column":36}},"15":{"start":{"line":16,"column":0},"end":{"line":16,"column":2}},"17":{"start":{"line":18,"column":0},"end":{"line":18,"column":30}}},"s":{"0":0,"2":0,"3":0,"4":0,"5":0,"6":0,"8":0,"9":0,"10":0,"11":0,"12":0,"14":0,"15":0,"17":0},"branchMap":{"0":{"type":"branch","line":1,"loc":{"start":{"line":1,"column":0},"end":{"line":18,"column":-48}},"locations":[{"start":{"line":1,"column":0},"end":{"line":18,"column":-48}}]}},"b":{"0":[0]},"fnMap":{"0":{"name":"(empty-report)","decl":{"start":{"line":1,"column":0},"end":{"line":18,"column":-48}},"loc":{"start":{"line":1,"column":0},"end":{"line":18,"column":-48}},"line":1}},"f":{"0":0}}
}
