{"D:\\Программы\\Проги\\RSSchoolCourse\\src\\__mocks__\\next\\router.ts": {"path":"D:\\Программы\\Проги\\RSSchoolCourse\\src\\__mocks__\\next\\router.ts","all":false,"statementMap":{"0":{"start":{"line":1,"column":0},"end":{"line":1,"column":27}},"2":{"start":{"line":3,"column":0},"end":{"line":3,"column":27}},"3":{"start":{"line":4,"column":0},"end":{"line":4,"column":16}},"4":{"start":{"line":5,"column":0},"end":{"line":5,"column":19}},"5":{"start":{"line":6,"column":0},"end":{"line":6,"column":20}},"6":{"start":{"line":7,"column":0},"end":{"line":7,"column":16}},"7":{"start":{"line":8,"column":0},"end":{"line":8,"column":14}},"8":{"start":{"line":9,"column":0},"end":{"line":9,"column":13}},"9":{"start":{"line":10,"column":0},"end":{"line":10,"column":16}},"10":{"start":{"line":11,"column":0},"end":{"line":11,"column":12}},"11":{"start":{"line":12,"column":0},"end":{"line":12,"column":11}},"12":{"start":{"line":13,"column":0},"end":{"line":13,"column":16}},"13":{"start":{"line":14,"column":0},"end":{"line":14,"column":17}},"14":{"start":{"line":15,"column":0},"end":{"line":15,"column":18}},"15":{"start":{"line":16,"column":0},"end":{"line":16,"column":4}},"16":{"start":{"line":17,"column":0},"end":{"line":17,"column":1}}},"s":{"0":1,"2":1,"3":1,"4":1,"5":1,"6":1,"7":1,"8":1,"9":1,"10":1,"11":1,"12":1,"13":1,"14":1,"15":1,"16":1},"branchMap":{},"b":{},"fnMap":{},"f":{}}
,"D:\\Программы\\Проги\\RSSchoolCourse\\src\\components\\Details\\Details.tsx": {"path":"D:\\Программы\\Проги\\RSSchoolCourse\\src\\components\\Details\\Details.tsx","all":false,"statementMap":{"0":{"start":{"line":1,"column":0},"end":{"line":1,"column":25}},"1":{"start":{"line":2,"column":0},"end":{"line":2,"column":37}},"2":{"start":{"line":3,"column":0},"end":{"line":3,"column":41}},"3":{"start":{"line":4,"column":0},"end":{"line":4,"column":62}},"4":{"start":{"line":5,"column":0},"end":{"line":5,"column":39}},"6":{"start":{"line":7,"column":0},"end":{"line":7,"column":33}},"7":{"start":{"line":8,"column":0},"end":{"line":8,"column":28}},"8":{"start":{"line":9,"column":0},"end":{"line":9,"column":29}},"9":{"start":{"line":10,"column":0},"end":{"line":10,"column":80}},"10":{"start":{"line":11,"column":0},"end":{"line":11,"column":24}},"11":{"start":{"line":12,"column":0},"end":{"line":12,"column":3}},"13":{"start":{"line":14,"column":0},"end":{"line":14,"column":31}},"15":{"start":{"line":16,"column":0},"end":{"line":16,"column":65}},"17":{"start":{"line":18,"column":0},"end":{"line":18,"column":36}},"18":{"start":{"line":19,"column":0},"end":{"line":19,"column":40}},"19":{"start":{"line":20,"column":0},"end":{"line":20,"column":3}},"21":{"start":{"line":22,"column":0},"end":{"line":22,"column":10}},"22":{"start":{"line":23,"column":0},"end":{"line":23,"column":6}},"23":{"start":{"line":24,"column":0},"end":{"line":24,"column":20}},"24":{"start":{"line":25,"column":0},"end":{"line":25,"column":18}},"25":{"start":{"line":26,"column":0},"end":{"line":26,"column":19}},"26":{"start":{"line":27,"column":0},"end":{"line":27,"column":30}},"27":{"start":{"line":28,"column":0},"end":{"line":28,"column":18}},"28":{"start":{"line":29,"column":0},"end":{"line":29,"column":40}},"29":{"start":{"line":30,"column":0},"end":{"line":30,"column":17}},"30":{"start":{"line":31,"column":0},"end":{"line":31,"column":28}},"31":{"start":{"line":32,"column":0},"end":{"line":32,"column":43}},"32":{"start":{"line":33,"column":0},"end":{"line":33,"column":40}},"33":{"start":{"line":34,"column":0},"end":{"line":34,"column":11}},"35":{"start":{"line":36,"column":0},"end":{"line":36,"column":19}},"36":{"start":{"line":37,"column":0},"end":{"line":37,"column":64}},"37":{"start":{"line":38,"column":0},"end":{"line":38,"column":15}},"38":{"start":{"line":39,"column":0},"end":{"line":39,"column":45}},"39":{"start":{"line":40,"column":0},"end":{"line":40,"column":16}},"40":{"start":{"line":41,"column":0},"end":{"line":41,"column":15}},"41":{"start":{"line":42,"column":0},"end":{"line":42,"column":42}},"42":{"start":{"line":43,"column":0},"end":{"line":43,"column":16}},"43":{"start":{"line":44,"column":0},"end":{"line":44,"column":15}},"44":{"start":{"line":45,"column":0},"end":{"line":45,"column":36}},"45":{"start":{"line":46,"column":0},"end":{"line":46,"column":16}},"46":{"start":{"line":47,"column":0},"end":{"line":47,"column":15}},"47":{"start":{"line":48,"column":0},"end":{"line":48,"column":40}},"48":{"start":{"line":49,"column":0},"end":{"line":49,"column":16}},"49":{"start":{"line":50,"column":0},"end":{"line":50,"column":15}},"50":{"start":{"line":51,"column":0},"end":{"line":51,"column":42}},"51":{"start":{"line":52,"column":0},"end":{"line":52,"column":16}},"52":{"start":{"line":53,"column":0},"end":{"line":53,"column":50}},"53":{"start":{"line":54,"column":0},"end":{"line":54,"column":14}},"55":{"start":{"line":56,"column":0},"end":{"line":56,"column":24}},"57":{"start":{"line":58,"column":0},"end":{"line":58,"column":7}},"59":{"start":{"line":60,"column":0},"end":{"line":60,"column":1}},"61":{"start":{"line":62,"column":0},"end":{"line":62,"column":22}}},"s":{"0":1,"1":1,"2":1,"3":1,"4":1,"6":1,"7":2,"8":2,"9":2,"10":2,"11":2,"13":2,"15":2,"17":2,"18":0,"19":0,"21":2,"22":2,"23":2,"24":2,"25":0,"26":0,"27":0,"28":0,"29":0,"30":0,"31":0,"32":0,"33":0,"35":0,"36":0,"37":0,"38":0,"39":0,"40":0,"41":0,"42":0,"43":0,"44":0,"45":0,"46":0,"47":0,"48":0,"49":0,"50":0,"51":0,"52":0,"53":0,"55":0,"57":2,"59":2,"61":1},"branchMap":{"0":{"type":"branch","line":7,"loc":{"start":{"line":7,"column":26},"end":{"line":60,"column":1}},"locations":[{"start":{"line":7,"column":26},"end":{"line":60,"column":1}}]},"1":{"type":"branch","line":25,"loc":{"start":{"line":25,"column":16},"end":{"line":56,"column":24}},"locations":[{"start":{"line":25,"column":16},"end":{"line":56,"column":24}}]}},"b":{"0":[2],"1":[0]},"fnMap":{"0":{"name":"Details","decl":{"start":{"line":7,"column":26},"end":{"line":60,"column":1}},"loc":{"start":{"line":7,"column":26},"end":{"line":60,"column":1}},"line":7},"1":{"name":"handleCloseDetails","decl":{"start":{"line":18,"column":29},"end":{"line":20,"column":3}},"loc":{"start":{"line":18,"column":29},"end":{"line":20,"column":3}},"line":18}},"f":{"0":2,"1":0}}
,"D:\\Программы\\Проги\\RSSchoolCourse\\src\\components\\ErrorBoundary\\ErrorBoundary.tsx": {"path":"D:\\Программы\\Проги\\RSSchoolCourse\\src\\components\\ErrorBoundary\\ErrorBoundary.tsx","all":false,"statementMap":{"0":{"start":{"line":1,"column":0},"end":{"line":1,"column":55}},"1":{"start":{"line":2,"column":0},"end":{"line":2,"column":47}},"12":{"start":{"line":13,"column":0},"end":{"line":13,"column":79}},"13":{"start":{"line":14,"column":0},"end":{"line":14,"column":74}},"15":{"start":{"line":16,"column":0},"end":{"line":16,"column":56}},"16":{"start":{"line":17,"column":0},"end":{"line":17,"column":58}},"17":{"start":{"line":18,"column":0},"end":{"line":18,"column":3}},"19":{"start":{"line":20,"column":0},"end":{"line":20,"column":64}},"20":{"start":{"line":21,"column":0},"end":{"line":21,"column":68}},"21":{"start":{"line":22,"column":0},"end":{"line":22,"column":3}},"23":{"start":{"line":24,"column":0},"end":{"line":24,"column":36}},"24":{"start":{"line":25,"column":0},"end":{"line":25,"column":42}},"25":{"start":{"line":26,"column":0},"end":{"line":26,"column":21}},"26":{"start":{"line":27,"column":0},"end":{"line":27,"column":3}},"28":{"start":{"line":29,"column":0},"end":{"line":29,"column":19}},"29":{"start":{"line":30,"column":0},"end":{"line":30,"column":30}},"30":{"start":{"line":31,"column":0},"end":{"line":31,"column":14}},"31":{"start":{"line":32,"column":0},"end":{"line":32,"column":36}},"32":{"start":{"line":33,"column":0},"end":{"line":33,"column":38}},"33":{"start":{"line":34,"column":0},"end":{"line":34,"column":62}},"34":{"start":{"line":35,"column":0},"end":{"line":35,"column":37}},"35":{"start":{"line":36,"column":0},"end":{"line":36,"column":16}},"36":{"start":{"line":37,"column":0},"end":{"line":37,"column":17}},"37":{"start":{"line":38,"column":0},"end":{"line":38,"column":44}},"38":{"start":{"line":39,"column":0},"end":{"line":39,"column":42}},"39":{"start":{"line":40,"column":0},"end":{"line":40,"column":11}},"41":{"start":{"line":42,"column":0},"end":{"line":42,"column":19}},"42":{"start":{"line":43,"column":0},"end":{"line":43,"column":14}},"44":{"start":{"line":45,"column":0},"end":{"line":45,"column":5}},"45":{"start":{"line":46,"column":0},"end":{"line":46,"column":30}},"46":{"start":{"line":47,"column":0},"end":{"line":47,"column":3}},"47":{"start":{"line":48,"column":0},"end":{"line":48,"column":1}},"49":{"start":{"line":50,"column":0},"end":{"line":50,"column":28}}},"s":{"0":1,"1":1,"12":4,"13":4,"15":4,"16":4,"17":4,"19":4,"20":2,"21":2,"23":4,"24":1,"25":1,"26":1,"28":4,"29":8,"30":4,"31":4,"32":4,"33":4,"34":4,"35":4,"36":4,"37":4,"38":4,"39":4,"41":4,"42":4,"44":4,"45":4,"46":8,"47":4,"49":1},"branchMap":{"0":{"type":"branch","line":13,"loc":{"start":{"line":13,"column":0},"end":{"line":48,"column":1}},"locations":[{"start":{"line":13,"column":0},"end":{"line":48,"column":1}}]},"1":{"type":"branch","line":16,"loc":{"start":{"line":16,"column":16},"end":{"line":18,"column":3}},"locations":[{"start":{"line":16,"column":16},"end":{"line":18,"column":3}}]},"2":{"type":"branch","line":20,"loc":{"start":{"line":20,"column":9},"end":{"line":22,"column":3}},"locations":[{"start":{"line":20,"column":9},"end":{"line":22,"column":3}}]},"3":{"type":"branch","line":24,"loc":{"start":{"line":24,"column":29},"end":{"line":27,"column":3}},"locations":[{"start":{"line":24,"column":29},"end":{"line":27,"column":3}}]},"4":{"type":"branch","line":29,"loc":{"start":{"line":29,"column":9},"end":{"line":47,"column":3}},"locations":[{"start":{"line":29,"column":9},"end":{"line":47,"column":3}}]},"5":{"type":"branch","line":30,"loc":{"start":{"line":30,"column":29},"end":{"line":46,"column":30}},"locations":[{"start":{"line":30,"column":29},"end":{"line":46,"column":30}}]}},"b":{"0":[4],"1":[4],"2":[2],"3":[1],"4":[8],"5":[4]},"fnMap":{"0":{"name":"<instance_members_initializer>","decl":{"start":{"line":13,"column":0},"end":{"line":48,"column":1}},"loc":{"start":{"line":13,"column":0},"end":{"line":48,"column":1}},"line":13},"1":{"name":"getDerivedStateFromError","decl":{"start":{"line":16,"column":16},"end":{"line":18,"column":3}},"loc":{"start":{"line":16,"column":16},"end":{"line":18,"column":3}},"line":16},"2":{"name":"componentDidCatch","decl":{"start":{"line":20,"column":9},"end":{"line":22,"column":3}},"loc":{"start":{"line":20,"column":9},"end":{"line":22,"column":3}},"line":20},"3":{"name":"clearLocalStorage","decl":{"start":{"line":24,"column":29},"end":{"line":27,"column":3}},"loc":{"start":{"line":24,"column":29},"end":{"line":27,"column":3}},"line":24},"4":{"name":"render","decl":{"start":{"line":29,"column":9},"end":{"line":47,"column":3}},"loc":{"start":{"line":29,"column":9},"end":{"line":47,"column":3}},"line":29}},"f":{"0":4,"1":4,"2":2,"3":1,"4":8}}
,"D:\\Программы\\Проги\\RSSchoolCourse\\src\\components\\FlyoutBar\\FlyoutBar.tsx": {"path":"D:\\Программы\\Проги\\RSSchoolCourse\\src\\components\\FlyoutBar\\FlyoutBar.tsx","all":false,"statementMap":{"0":{"start":{"line":1,"column":0},"end":{"line":1,"column":25}},"1":{"start":{"line":2,"column":0},"end":{"line":2,"column":41}},"2":{"start":{"line":3,"column":0},"end":{"line":3,"column":50}},"3":{"start":{"line":4,"column":0},"end":{"line":4,"column":83}},"4":{"start":{"line":5,"column":0},"end":{"line":5,"column":43}},"6":{"start":{"line":7,"column":0},"end":{"line":7,"column":35}},"7":{"start":{"line":8,"column":0},"end":{"line":8,"column":32}},"8":{"start":{"line":9,"column":0},"end":{"line":9,"column":44}},"9":{"start":{"line":10,"column":0},"end":{"line":10,"column":53}},"10":{"start":{"line":11,"column":0},"end":{"line":11,"column":3}},"11":{"start":{"line":12,"column":0},"end":{"line":12,"column":35}},"12":{"start":{"line":13,"column":0},"end":{"line":13,"column":37}},"13":{"start":{"line":14,"column":0},"end":{"line":14,"column":3}},"15":{"start":{"line":16,"column":0},"end":{"line":16,"column":32}},"16":{"start":{"line":17,"column":0},"end":{"line":17,"column":47}},"18":{"start":{"line":19,"column":0},"end":{"line":19,"column":56}},"19":{"start":{"line":20,"column":0},"end":{"line":20,"column":26}},"20":{"start":{"line":21,"column":0},"end":{"line":21,"column":31}},"22":{"start":{"line":23,"column":0},"end":{"line":23,"column":42}},"23":{"start":{"line":24,"column":0},"end":{"line":24,"column":43}},"24":{"start":{"line":25,"column":0},"end":{"line":25,"column":6}},"26":{"start":{"line":27,"column":0},"end":{"line":27,"column":23}},"27":{"start":{"line":28,"column":0},"end":{"line":28,"column":34}},"28":{"start":{"line":29,"column":0},"end":{"line":29,"column":40}},"29":{"start":{"line":30,"column":0},"end":{"line":30,"column":6}},"31":{"start":{"line":32,"column":0},"end":{"line":32,"column":76}},"32":{"start":{"line":33,"column":0},"end":{"line":33,"column":36}},"33":{"start":{"line":34,"column":0},"end":{"line":34,"column":3}},"35":{"start":{"line":36,"column":0},"end":{"line":36,"column":38}},"36":{"start":{"line":37,"column":0},"end":{"line":37,"column":12}},"37":{"start":{"line":38,"column":0},"end":{"line":38,"column":37}},"38":{"start":{"line":39,"column":0},"end":{"line":39,"column":65}},"39":{"start":{"line":40,"column":0},"end":{"line":40,"column":61}},"40":{"start":{"line":41,"column":0},"end":{"line":41,"column":10}},"41":{"start":{"line":42,"column":0},"end":{"line":42,"column":43}},"42":{"start":{"line":43,"column":0},"end":{"line":43,"column":33}},"43":{"start":{"line":44,"column":0},"end":{"line":44,"column":74}},"44":{"start":{"line":45,"column":0},"end":{"line":45,"column":9}},"46":{"start":{"line":47,"column":0},"end":{"line":47,"column":12}},"47":{"start":{"line":48,"column":0},"end":{"line":48,"column":12}},"49":{"start":{"line":50,"column":0},"end":{"line":50,"column":3}},"50":{"start":{"line":51,"column":0},"end":{"line":51,"column":1}},"52":{"start":{"line":53,"column":0},"end":{"line":53,"column":24}}},"s":{"0":1,"1":1,"2":1,"3":1,"4":1,"6":1,"7":3,"8":3,"9":3,"10":3,"11":3,"12":1,"13":1,"15":3,"16":2,"18":2,"19":2,"20":2,"22":2,"23":2,"24":2,"26":2,"27":2,"28":4,"29":2,"31":2,"32":2,"33":2,"35":3,"36":2,"37":2,"38":2,"39":2,"40":2,"41":2,"42":2,"43":2,"44":2,"46":2,"47":2,"49":2,"50":3,"52":1},"branchMap":{"0":{"type":"branch","line":7,"loc":{"start":{"line":7,"column":28},"end":{"line":51,"column":1}},"locations":[{"start":{"line":7,"column":28},"end":{"line":51,"column":1}}]},"1":{"type":"branch","line":36,"loc":{"start":{"line":36,"column":37},"end":{"line":50,"column":3}},"locations":[{"start":{"line":36,"column":37},"end":{"line":50,"column":3}}]},"2":{"type":"branch","line":10,"loc":{"start":{"line":10,"column":4},"end":{"line":10,"column":53}},"locations":[{"start":{"line":10,"column":4},"end":{"line":10,"column":53}}]},"3":{"type":"branch","line":12,"loc":{"start":{"line":12,"column":28},"end":{"line":14,"column":3}},"locations":[{"start":{"line":12,"column":28},"end":{"line":14,"column":3}}]},"4":{"type":"branch","line":16,"loc":{"start":{"line":16,"column":25},"end":{"line":34,"column":3}},"locations":[{"start":{"line":16,"column":25},"end":{"line":34,"column":3}}]},"5":{"type":"branch","line":17,"loc":{"start":{"line":17,"column":41},"end":{"line":17,"column":47}},"locations":[{"start":{"line":17,"column":41},"end":{"line":17,"column":47}}]},"6":{"type":"branch","line":23,"loc":{"start":{"line":23,"column":31},"end":{"line":25,"column":5}},"locations":[{"start":{"line":23,"column":31},"end":{"line":25,"column":5}}]},"7":{"type":"branch","line":28,"loc":{"start":{"line":28,"column":24},"end":{"line":30,"column":5}},"locations":[{"start":{"line":28,"column":24},"end":{"line":30,"column":5}}]}},"b":{"0":[3],"1":[2],"2":[6],"3":[1],"4":[2],"5":[0],"6":[2],"7":[4]},"fnMap":{"0":{"name":"FlyoutBar","decl":{"start":{"line":7,"column":28},"end":{"line":51,"column":1}},"loc":{"start":{"line":7,"column":28},"end":{"line":51,"column":1}},"line":7},"1":{"name":"handleUnselectAll","decl":{"start":{"line":12,"column":28},"end":{"line":14,"column":3}},"loc":{"start":{"line":12,"column":28},"end":{"line":14,"column":3}},"line":12},"2":{"name":"handleDownload","decl":{"start":{"line":16,"column":25},"end":{"line":34,"column":3}},"loc":{"start":{"line":16,"column":25},"end":{"line":34,"column":3}},"line":16}},"f":{"0":3,"1":1,"2":2}}
,"D:\\Программы\\Проги\\RSSchoolCourse\\src\\components\\Loader\\Loader.tsx": {"path":"D:\\Программы\\Проги\\RSSchoolCourse\\src\\components\\Loader\\Loader.tsx","all":false,"statementMap":{"0":{"start":{"line":1,"column":0},"end":{"line":1,"column":25}},"1":{"start":{"line":2,"column":0},"end":{"line":2,"column":40}},"3":{"start":{"line":4,"column":0},"end":{"line":4,"column":32}},"4":{"start":{"line":5,"column":0},"end":{"line":5,"column":10}},"5":{"start":{"line":6,"column":0},"end":{"line":6,"column":63}},"6":{"start":{"line":7,"column":0},"end":{"line":7,"column":10}},"7":{"start":{"line":8,"column":0},"end":{"line":8,"column":32}},"8":{"start":{"line":9,"column":0},"end":{"line":9,"column":33}},"9":{"start":{"line":10,"column":0},"end":{"line":10,"column":24}},"10":{"start":{"line":11,"column":0},"end":{"line":11,"column":8}},"11":{"start":{"line":12,"column":0},"end":{"line":12,"column":10}},"13":{"start":{"line":14,"column":0},"end":{"line":14,"column":1}},"15":{"start":{"line":16,"column":0},"end":{"line":16,"column":21}}},"s":{"0":1,"1":1,"3":1,"4":2,"5":2,"6":2,"7":2,"8":2,"9":2,"10":2,"11":2,"13":2,"15":1},"branchMap":{"0":{"type":"branch","line":4,"loc":{"start":{"line":4,"column":25},"end":{"line":14,"column":1}},"locations":[{"start":{"line":4,"column":25},"end":{"line":14,"column":1}}]}},"b":{"0":[2]},"fnMap":{"0":{"name":"Loader","decl":{"start":{"line":4,"column":25},"end":{"line":14,"column":1}},"loc":{"start":{"line":4,"column":25},"end":{"line":14,"column":1}},"line":4}},"f":{"0":2}}
,"D:\\Программы\\Проги\\RSSchoolCourse\\src\\components\\Pagination\\Pagination.tsx": {"path":"D:\\Программы\\Проги\\RSSchoolCourse\\src\\components\\Pagination\\Pagination.tsx","all":false,"statementMap":{"0":{"start":{"line":1,"column":0},"end":{"line":1,"column":25}},"1":{"start":{"line":2,"column":0},"end":{"line":2,"column":44}},"2":{"start":{"line":3,"column":0},"end":{"line":3,"column":28}},"10":{"start":{"line":11,"column":0},"end":{"line":11,"column":48}},"11":{"start":{"line":12,"column":0},"end":{"line":12,"column":14}},"12":{"start":{"line":13,"column":0},"end":{"line":13,"column":13}},"13":{"start":{"line":14,"column":0},"end":{"line":14,"column":15}},"14":{"start":{"line":15,"column":0},"end":{"line":15,"column":7}},"15":{"start":{"line":16,"column":0},"end":{"line":16,"column":21}},"16":{"start":{"line":17,"column":0},"end":{"line":17,"column":18}},"17":{"start":{"line":18,"column":0},"end":{"line":18,"column":70}},"18":{"start":{"line":19,"column":0},"end":{"line":19,"column":65}},"20":{"start":{"line":21,"column":0},"end":{"line":21,"column":44}},"21":{"start":{"line":22,"column":0},"end":{"line":22,"column":52}},"22":{"start":{"line":23,"column":0},"end":{"line":23,"column":3}},"24":{"start":{"line":25,"column":0},"end":{"line":25,"column":46}},"25":{"start":{"line":26,"column":0},"end":{"line":26,"column":17}},"26":{"start":{"line":27,"column":0},"end":{"line":27,"column":3}},"28":{"start":{"line":29,"column":0},"end":{"line":29,"column":10}},"29":{"start":{"line":30,"column":0},"end":{"line":30,"column":39}},"30":{"start":{"line":31,"column":0},"end":{"line":31,"column":27}},"31":{"start":{"line":32,"column":0},"end":{"line":32,"column":78}},"32":{"start":{"line":33,"column":0},"end":{"line":33,"column":15}},"33":{"start":{"line":34,"column":0},"end":{"line":34,"column":15}},"36":{"start":{"line":37,"column":0},"end":{"line":37,"column":25}},"37":{"start":{"line":38,"column":0},"end":{"line":38,"column":10}},"38":{"start":{"line":39,"column":0},"end":{"line":39,"column":58}},"40":{"start":{"line":41,"column":0},"end":{"line":41,"column":17}},"41":{"start":{"line":42,"column":0},"end":{"line":42,"column":69}},"42":{"start":{"line":43,"column":0},"end":{"line":43,"column":11}},"45":{"start":{"line":46,"column":0},"end":{"line":46,"column":28}},"46":{"start":{"line":47,"column":0},"end":{"line":47,"column":13}},"47":{"start":{"line":48,"column":0},"end":{"line":48,"column":20}},"48":{"start":{"line":49,"column":0},"end":{"line":49,"column":33}},"49":{"start":{"line":50,"column":0},"end":{"line":50,"column":76}},"50":{"start":{"line":51,"column":0},"end":{"line":51,"column":31}},"51":{"start":{"line":52,"column":0},"end":{"line":52,"column":39}},"52":{"start":{"line":53,"column":0},"end":{"line":53,"column":36}},"53":{"start":{"line":54,"column":0},"end":{"line":54,"column":20}},"54":{"start":{"line":55,"column":0},"end":{"line":55,"column":32}},"55":{"start":{"line":56,"column":0},"end":{"line":56,"column":13}},"56":{"start":{"line":57,"column":0},"end":{"line":57,"column":12}},"58":{"start":{"line":59,"column":0},"end":{"line":59,"column":16}},"59":{"start":{"line":60,"column":0},"end":{"line":60,"column":15}},"60":{"start":{"line":61,"column":0},"end":{"line":61,"column":9}},"62":{"start":{"line":63,"column":0},"end":{"line":63,"column":32}},"63":{"start":{"line":64,"column":0},"end":{"line":64,"column":10}},"64":{"start":{"line":65,"column":0},"end":{"line":65,"column":80}},"65":{"start":{"line":66,"column":0},"end":{"line":66,"column":70}},"66":{"start":{"line":67,"column":0},"end":{"line":67,"column":24}},"67":{"start":{"line":68,"column":0},"end":{"line":68,"column":17}},"68":{"start":{"line":69,"column":0},"end":{"line":69,"column":11}},"71":{"start":{"line":72,"column":0},"end":{"line":72,"column":36}},"72":{"start":{"line":73,"column":0},"end":{"line":73,"column":78}},"73":{"start":{"line":74,"column":0},"end":{"line":74,"column":15}},"74":{"start":{"line":75,"column":0},"end":{"line":75,"column":15}},"76":{"start":{"line":77,"column":0},"end":{"line":77,"column":10}},"78":{"start":{"line":79,"column":0},"end":{"line":79,"column":1}},"80":{"start":{"line":81,"column":0},"end":{"line":81,"column":25}}},"s":{"0":1,"1":1,"2":1,"10":1,"11":1,"12":1,"13":1,"14":1,"15":1,"16":1,"17":1,"18":1,"20":1,"21":0,"22":0,"24":1,"25":5,"26":5,"28":1,"29":1,"30":1,"31":0,"32":0,"33":0,"36":1,"37":0,"38":0,"40":0,"41":0,"42":0,"45":1,"46":5,"47":5,"48":5,"49":5,"50":5,"51":1,"52":0,"53":1,"54":1,"55":1,"56":1,"58":5,"59":5,"60":1,"62":1,"63":1,"64":1,"65":1,"66":1,"67":1,"68":1,"71":1,"72":1,"73":1,"74":1,"76":1,"78":1,"80":1},"branchMap":{"0":{"type":"branch","line":11,"loc":{"start":{"line":11,"column":46},"end":{"line":79,"column":1}},"locations":[{"start":{"line":11,"column":46},"end":{"line":79,"column":1}}]},"1":{"type":"branch","line":21,"loc":{"start":{"line":21,"column":43},"end":{"line":23,"column":3}},"locations":[{"start":{"line":21,"column":43},"end":{"line":23,"column":3}}]},"2":{"type":"branch","line":25,"loc":{"start":{"line":25,"column":45},"end":{"line":27,"column":3}},"locations":[{"start":{"line":25,"column":45},"end":{"line":27,"column":3}}]},"3":{"type":"branch","line":31,"loc":{"start":{"line":31,"column":21},"end":{"line":34,"column":15}},"locations":[{"start":{"line":31,"column":21},"end":{"line":34,"column":15}}]},"4":{"type":"branch","line":37,"loc":{"start":{"line":37,"column":19},"end":{"line":43,"column":11}},"locations":[{"start":{"line":37,"column":19},"end":{"line":43,"column":11}}]},"5":{"type":"branch","line":46,"loc":{"start":{"line":46,"column":17},"end":{"line":60,"column":15}},"locations":[{"start":{"line":46,"column":17},"end":{"line":60,"column":15}}]},"6":{"type":"branch","line":50,"loc":{"start":{"line":50,"column":30},"end":{"line":50,"column":64}},"locations":[{"start":{"line":50,"column":30},"end":{"line":50,"column":64}}]},"7":{"type":"branch","line":50,"loc":{"start":{"line":50,"column":51},"end":{"line":50,"column":76}},"locations":[{"start":{"line":50,"column":51},"end":{"line":50,"column":76}}]},"8":{"type":"branch","line":51,"loc":{"start":{"line":51,"column":19},"end":{"line":57,"column":12}},"locations":[{"start":{"line":51,"column":19},"end":{"line":57,"column":12}}]},"9":{"type":"branch","line":52,"loc":{"start":{"line":52,"column":38},"end":{"line":54,"column":19}},"locations":[{"start":{"line":52,"column":38},"end":{"line":54,"column":19}}]}},"b":{"0":[1],"1":[0],"2":[5],"3":[0],"4":[0],"5":[5],"6":[1],"7":[4],"8":[1],"9":[0]},"fnMap":{"0":{"name":"Pagination","decl":{"start":{"line":11,"column":46},"end":{"line":79,"column":1}},"loc":{"start":{"line":11,"column":46},"end":{"line":79,"column":1}},"line":11},"1":{"name":"onClick","decl":{"start":{"line":51,"column":19},"end":{"line":57,"column":12}},"loc":{"start":{"line":51,"column":19},"end":{"line":57,"column":12}},"line":51}},"f":{"0":1,"1":1}}
,"D:\\Программы\\Проги\\RSSchoolCourse\\src\\components\\Results\\Results.tsx": {"path":"D:\\Программы\\Проги\\RSSchoolCourse\\src\\components\\Results\\Results.tsx","all":false,"statementMap":{"0":{"start":{"line":1,"column":0},"end":{"line":1,"column":25}},"2":{"start":{"line":3,"column":0},"end":{"line":3,"column":41}},"3":{"start":{"line":4,"column":0},"end":{"line":4,"column":41}},"4":{"start":{"line":5,"column":0},"end":{"line":5,"column":50}},"8":{"start":{"line":9,"column":0},"end":{"line":9,"column":52}},"15":{"start":{"line":16,"column":0},"end":{"line":16,"column":69}},"16":{"start":{"line":17,"column":0},"end":{"line":17,"column":32}},"17":{"start":{"line":18,"column":0},"end":{"line":18,"column":44}},"18":{"start":{"line":19,"column":0},"end":{"line":19,"column":53}},"19":{"start":{"line":20,"column":0},"end":{"line":20,"column":3}},"21":{"start":{"line":22,"column":0},"end":{"line":22,"column":38}},"22":{"start":{"line":23,"column":0},"end":{"line":23,"column":70}},"23":{"start":{"line":24,"column":0},"end":{"line":24,"column":3}},"25":{"start":{"line":26,"column":0},"end":{"line":26,"column":57}},"26":{"start":{"line":27,"column":0},"end":{"line":27,"column":35}},"27":{"start":{"line":28,"column":0},"end":{"line":28,"column":47}},"28":{"start":{"line":29,"column":0},"end":{"line":29,"column":47}},"29":{"start":{"line":30,"column":0},"end":{"line":30,"column":3}},"31":{"start":{"line":32,"column":0},"end":{"line":32,"column":10}},"32":{"start":{"line":33,"column":0},"end":{"line":33,"column":36}},"33":{"start":{"line":34,"column":0},"end":{"line":34,"column":29}},"34":{"start":{"line":35,"column":0},"end":{"line":35,"column":35}},"36":{"start":{"line":37,"column":0},"end":{"line":37,"column":29}},"37":{"start":{"line":38,"column":0},"end":{"line":38,"column":57}},"38":{"start":{"line":39,"column":0},"end":{"line":39,"column":56}},"39":{"start":{"line":40,"column":0},"end":{"line":40,"column":20}},"40":{"start":{"line":41,"column":0},"end":{"line":41,"column":53}},"41":{"start":{"line":42,"column":0},"end":{"line":42,"column":31}},"42":{"start":{"line":43,"column":0},"end":{"line":43,"column":45}},"43":{"start":{"line":44,"column":0},"end":{"line":44,"column":57}},"44":{"start":{"line":45,"column":0},"end":{"line":45,"column":16}},"46":{"start":{"line":47,"column":0},"end":{"line":47,"column":21}},"47":{"start":{"line":48,"column":0},"end":{"line":48,"column":62}},"48":{"start":{"line":49,"column":0},"end":{"line":49,"column":52}},"49":{"start":{"line":50,"column":0},"end":{"line":50,"column":15}},"51":{"start":{"line":52,"column":0},"end":{"line":52,"column":23}},"52":{"start":{"line":53,"column":0},"end":{"line":53,"column":18}},"54":{"start":{"line":55,"column":0},"end":{"line":55,"column":60}},"55":{"start":{"line":56,"column":0},"end":{"line":56,"column":67}},"56":{"start":{"line":57,"column":0},"end":{"line":57,"column":16}},"57":{"start":{"line":58,"column":0},"end":{"line":58,"column":10}},"59":{"start":{"line":60,"column":0},"end":{"line":60,"column":10}},"61":{"start":{"line":62,"column":0},"end":{"line":62,"column":1}},"63":{"start":{"line":64,"column":0},"end":{"line":64,"column":22}}},"s":{"0":1,"2":1,"3":1,"4":1,"8":1,"15":1,"16":7,"17":7,"18":7,"19":7,"21":7,"22":14,"23":14,"25":7,"26":2,"27":1,"28":1,"29":2,"31":7,"32":7,"33":7,"34":1,"36":6,"37":12,"38":12,"39":12,"40":12,"41":12,"42":12,"43":12,"44":12,"46":12,"47":12,"48":12,"49":12,"51":12,"52":12,"54":12,"55":12,"56":12,"57":6,"59":7,"61":7,"63":1},"branchMap":{"0":{"type":"branch","line":16,"loc":{"start":{"line":16,"column":40},"end":{"line":62,"column":1}},"locations":[{"start":{"line":16,"column":40},"end":{"line":62,"column":1}}]},"1":{"type":"branch","line":34,"loc":{"start":{"line":34,"column":24},"end":{"line":35,"column":35}},"locations":[{"start":{"line":34,"column":24},"end":{"line":35,"column":35}}]},"2":{"type":"branch","line":35,"loc":{"start":{"line":35,"column":29},"end":{"line":58,"column":10}},"locations":[{"start":{"line":35,"column":29},"end":{"line":58,"column":10}}]},"3":{"type":"branch","line":19,"loc":{"start":{"line":19,"column":4},"end":{"line":19,"column":53}},"locations":[{"start":{"line":19,"column":4},"end":{"line":19,"column":53}}]},"4":{"type":"branch","line":22,"loc":{"start":{"line":22,"column":21},"end":{"line":24,"column":3}},"locations":[{"start":{"line":22,"column":21},"end":{"line":24,"column":3}}]},"5":{"type":"branch","line":23,"loc":{"start":{"line":23,"column":35},"end":{"line":23,"column":69}},"locations":[{"start":{"line":23,"column":35},"end":{"line":23,"column":69}}]},"6":{"type":"branch","line":26,"loc":{"start":{"line":26,"column":29},"end":{"line":30,"column":3}},"locations":[{"start":{"line":26,"column":29},"end":{"line":30,"column":3}}]},"7":{"type":"branch","line":27,"loc":{"start":{"line":27,"column":34},"end":{"line":29,"column":47}},"locations":[{"start":{"line":27,"column":34},"end":{"line":29,"column":47}}]},"8":{"type":"branch","line":37,"loc":{"start":{"line":37,"column":18},"end":{"line":57,"column":16}},"locations":[{"start":{"line":37,"column":18},"end":{"line":57,"column":16}}]},"9":{"type":"branch","line":44,"loc":{"start":{"line":44,"column":26},"end":{"line":44,"column":57}},"locations":[{"start":{"line":44,"column":26},"end":{"line":44,"column":57}}]},"10":{"type":"branch","line":49,"loc":{"start":{"line":49,"column":25},"end":{"line":49,"column":52}},"locations":[{"start":{"line":49,"column":25},"end":{"line":49,"column":52}}]}},"b":{"0":[7],"1":[1],"2":[6],"3":[15],"4":[14],"5":[3],"6":[2],"7":[1],"8":[12],"9":[2],"10":[1]},"fnMap":{"0":{"name":"Results","decl":{"start":{"line":16,"column":40},"end":{"line":62,"column":1}},"loc":{"start":{"line":16,"column":40},"end":{"line":62,"column":1}},"line":16},"1":{"name":"isSelected","decl":{"start":{"line":22,"column":21},"end":{"line":24,"column":3}},"loc":{"start":{"line":22,"column":21},"end":{"line":24,"column":3}},"line":22},"2":{"name":"handleSelectToggle","decl":{"start":{"line":26,"column":29},"end":{"line":30,"column":3}},"loc":{"start":{"line":26,"column":29},"end":{"line":30,"column":3}},"line":26},"3":{"name":"onChange","decl":{"start":{"line":44,"column":26},"end":{"line":44,"column":57}},"loc":{"start":{"line":44,"column":26},"end":{"line":44,"column":57}},"line":44},"4":{"name":"onClick","decl":{"start":{"line":49,"column":25},"end":{"line":49,"column":52}},"loc":{"start":{"line":49,"column":25},"end":{"line":49,"column":52}},"line":49}},"f":{"0":7,"1":14,"2":2,"3":2,"4":1}}
,"D:\\Программы\\Проги\\RSSchoolCourse\\src\\components\\SearchBar\\SearchBar.tsx": {"path":"D:\\Программы\\Проги\\RSSchoolCourse\\src\\components\\SearchBar\\SearchBar.tsx","all":false,"statementMap":{"0":{"start":{"line":1,"column":0},"end":{"line":1,"column":50}},"1":{"start":{"line":2,"column":0},"end":{"line":2,"column":43}},"8":{"start":{"line":9,"column":0},"end":{"line":9,"column":75}},"9":{"start":{"line":10,"column":0},"end":{"line":10,"column":76}},"11":{"start":{"line":12,"column":0},"end":{"line":12,"column":19}},"12":{"start":{"line":13,"column":0},"end":{"line":13,"column":34}},"13":{"start":{"line":14,"column":0},"end":{"line":14,"column":18}},"15":{"start":{"line":16,"column":0},"end":{"line":16,"column":72}},"16":{"start":{"line":17,"column":0},"end":{"line":17,"column":42}},"17":{"start":{"line":18,"column":0},"end":{"line":18,"column":3}},"19":{"start":{"line":20,"column":0},"end":{"line":20,"column":30}},"20":{"start":{"line":21,"column":0},"end":{"line":21,"column":29}},"21":{"start":{"line":22,"column":0},"end":{"line":22,"column":3}},"23":{"start":{"line":24,"column":0},"end":{"line":24,"column":75}},"24":{"start":{"line":25,"column":0},"end":{"line":25,"column":32}},"25":{"start":{"line":26,"column":0},"end":{"line":26,"column":20}},"26":{"start":{"line":27,"column":0},"end":{"line":27,"column":5}},"27":{"start":{"line":28,"column":0},"end":{"line":28,"column":3}},"29":{"start":{"line":30,"column":0},"end":{"line":30,"column":10}},"30":{"start":{"line":31,"column":0},"end":{"line":31,"column":38}},"31":{"start":{"line":32,"column":0},"end":{"line":32,"column":12}},"32":{"start":{"line":33,"column":0},"end":{"line":33,"column":38}},"33":{"start":{"line":34,"column":0},"end":{"line":34,"column":19}},"34":{"start":{"line":35,"column":0},"end":{"line":35,"column":31}},"35":{"start":{"line":36,"column":0},"end":{"line":36,"column":31}},"36":{"start":{"line":37,"column":0},"end":{"line":37,"column":33}},"37":{"start":{"line":38,"column":0},"end":{"line":38,"column":31}},"38":{"start":{"line":39,"column":0},"end":{"line":39,"column":8}},"39":{"start":{"line":40,"column":0},"end":{"line":40,"column":69}},"41":{"start":{"line":42,"column":0},"end":{"line":42,"column":15}},"42":{"start":{"line":43,"column":0},"end":{"line":43,"column":10}},"44":{"start":{"line":45,"column":0},"end":{"line":45,"column":1}},"46":{"start":{"line":47,"column":0},"end":{"line":47,"column":24}}},"s":{"0":1,"1":1,"8":1,"9":4,"11":4,"12":2,"13":4,"15":4,"16":1,"17":1,"19":4,"20":1,"21":1,"23":4,"24":0,"25":0,"26":0,"27":0,"29":4,"30":4,"31":4,"32":4,"33":4,"34":4,"35":4,"36":4,"37":4,"38":4,"39":4,"41":4,"42":4,"44":4,"46":1},"branchMap":{"0":{"type":"branch","line":9,"loc":{"start":{"line":9,"column":44},"end":{"line":45,"column":1}},"locations":[{"start":{"line":9,"column":44},"end":{"line":45,"column":1}}]},"1":{"type":"branch","line":12,"loc":{"start":{"line":12,"column":12},"end":{"line":14,"column":5}},"locations":[{"start":{"line":12,"column":12},"end":{"line":14,"column":5}}]},"2":{"type":"branch","line":16,"loc":{"start":{"line":16,"column":23},"end":{"line":18,"column":3}},"locations":[{"start":{"line":16,"column":23},"end":{"line":18,"column":3}}]},"3":{"type":"branch","line":20,"loc":{"start":{"line":20,"column":23},"end":{"line":22,"column":3}},"locations":[{"start":{"line":20,"column":23},"end":{"line":22,"column":3}}]}},"b":{"0":[4],"1":[2],"2":[1],"3":[1]},"fnMap":{"0":{"name":"SearchBar","decl":{"start":{"line":9,"column":44},"end":{"line":45,"column":1}},"loc":{"start":{"line":9,"column":44},"end":{"line":45,"column":1}},"line":9},"1":{"name":"handleChange","decl":{"start":{"line":16,"column":23},"end":{"line":18,"column":3}},"loc":{"start":{"line":16,"column":23},"end":{"line":18,"column":3}},"line":16},"2":{"name":"handleSearch","decl":{"start":{"line":20,"column":23},"end":{"line":22,"column":3}},"loc":{"start":{"line":20,"column":23},"end":{"line":22,"column":3}},"line":20},"3":{"name":"handleKeyDown","decl":{"start":{"line":24,"column":24},"end":{"line":28,"column":3}},"loc":{"start":{"line":24,"column":24},"end":{"line":28,"column":3}},"line":24}},"f":{"0":4,"1":1,"2":1,"3":0}}
,"D:\\Программы\\Проги\\RSSchoolCourse\\src\\components\\theme-provider\\ThemeContext.tsx": {"path":"D:\\Программы\\Проги\\RSSchoolCourse\\src\\components\\theme-provider\\ThemeContext.tsx","all":false,"statementMap":{"0":{"start":{"line":1,"column":0},"end":{"line":1,"column":76}},"7":{"start":{"line":8,"column":0},"end":{"line":8,"column":72}},"8":{"start":{"line":9,"column":0},"end":{"line":9,"column":11}},"9":{"start":{"line":10,"column":0},"end":{"line":10,"column":1}},"15":{"start":{"line":16,"column":0},"end":{"line":16,"column":78}},"16":{"start":{"line":17,"column":0},"end":{"line":17,"column":53}},"17":{"start":{"line":18,"column":0},"end":{"line":18,"column":48}},"19":{"start":{"line":20,"column":0},"end":{"line":20,"column":19}},"20":{"start":{"line":21,"column":0},"end":{"line":21,"column":19}},"21":{"start":{"line":22,"column":0},"end":{"line":22,"column":54}},"22":{"start":{"line":23,"column":0},"end":{"line":23,"column":23}},"23":{"start":{"line":24,"column":0},"end":{"line":24,"column":28}},"24":{"start":{"line":25,"column":0},"end":{"line":25,"column":7}},"25":{"start":{"line":26,"column":0},"end":{"line":26,"column":5}},"26":{"start":{"line":27,"column":0},"end":{"line":27,"column":16}},"28":{"start":{"line":29,"column":0},"end":{"line":29,"column":19}},"29":{"start":{"line":30,"column":0},"end":{"line":30,"column":19}},"30":{"start":{"line":31,"column":0},"end":{"line":31,"column":42}},"31":{"start":{"line":32,"column":0},"end":{"line":32,"column":64}},"32":{"start":{"line":33,"column":0},"end":{"line":33,"column":5}},"33":{"start":{"line":34,"column":0},"end":{"line":34,"column":23}},"35":{"start":{"line":36,"column":0},"end":{"line":36,"column":29}},"36":{"start":{"line":37,"column":0},"end":{"line":37,"column":71}},"37":{"start":{"line":38,"column":0},"end":{"line":38,"column":3}},"39":{"start":{"line":40,"column":0},"end":{"line":40,"column":10}},"40":{"start":{"line":41,"column":0},"end":{"line":41,"column":58}},"41":{"start":{"line":42,"column":0},"end":{"line":42,"column":16}},"42":{"start":{"line":43,"column":0},"end":{"line":43,"column":28}},"44":{"start":{"line":45,"column":0},"end":{"line":45,"column":1}}},"s":{"0":1,"7":1,"8":1,"9":1,"15":1,"16":5,"17":5,"19":5,"20":2,"21":2,"22":2,"23":1,"24":1,"25":2,"26":5,"28":5,"29":5,"30":5,"31":5,"32":5,"33":5,"35":5,"36":2,"37":2,"39":5,"40":5,"41":5,"42":5,"44":5},"branchMap":{"0":{"type":"branch","line":16,"loc":{"start":{"line":16,"column":59},"end":{"line":45,"column":1}},"locations":[{"start":{"line":16,"column":59},"end":{"line":45,"column":1}}]},"1":{"type":"branch","line":20,"loc":{"start":{"line":20,"column":12},"end":{"line":27,"column":5}},"locations":[{"start":{"line":20,"column":12},"end":{"line":27,"column":5}}]},"2":{"type":"branch","line":23,"loc":{"start":{"line":23,"column":22},"end":{"line":25,"column":7}},"locations":[{"start":{"line":23,"column":22},"end":{"line":25,"column":7}}]},"3":{"type":"branch","line":29,"loc":{"start":{"line":29,"column":12},"end":{"line":34,"column":5}},"locations":[{"start":{"line":29,"column":12},"end":{"line":34,"column":5}}]},"4":{"type":"branch","line":36,"loc":{"start":{"line":36,"column":22},"end":{"line":38,"column":3}},"locations":[{"start":{"line":36,"column":22},"end":{"line":38,"column":3}}]},"5":{"type":"branch","line":37,"loc":{"start":{"line":37,"column":13},"end":{"line":37,"column":70}},"locations":[{"start":{"line":37,"column":13},"end":{"line":37,"column":70}}]},"6":{"type":"branch","line":37,"loc":{"start":{"line":37,"column":43},"end":{"line":37,"column":62}},"locations":[{"start":{"line":37,"column":43},"end":{"line":37,"column":62}}]},"7":{"type":"branch","line":37,"loc":{"start":{"line":37,"column":53},"end":{"line":37,"column":70}},"locations":[{"start":{"line":37,"column":53},"end":{"line":37,"column":70}}]}},"b":{"0":[5],"1":[2],"2":[1],"3":[5],"4":[2],"5":[2],"6":[1],"7":[1]},"fnMap":{"0":{"name":"ThemeProvider","decl":{"start":{"line":16,"column":59},"end":{"line":45,"column":1}},"loc":{"start":{"line":16,"column":59},"end":{"line":45,"column":1}},"line":16},"1":{"name":"toggleTheme","decl":{"start":{"line":36,"column":22},"end":{"line":38,"column":3}},"loc":{"start":{"line":36,"column":22},"end":{"line":38,"column":3}},"line":36}},"f":{"0":5,"1":2}}
,"D:\\Программы\\Проги\\RSSchoolCourse\\src\\components\\theme-provider\\ThemeSwitcher.tsx": {"path":"D:\\Программы\\Проги\\RSSchoolCourse\\src\\components\\theme-provider\\ThemeSwitcher.tsx","all":false,"statementMap":{"0":{"start":{"line":1,"column":0},"end":{"line":1,"column":47}},"1":{"start":{"line":2,"column":0},"end":{"line":2,"column":47}},"3":{"start":{"line":4,"column":0},"end":{"line":4,"column":29}},"4":{"start":{"line":5,"column":0},"end":{"line":5,"column":43}},"6":{"start":{"line":7,"column":0},"end":{"line":7,"column":10}},"7":{"start":{"line":8,"column":0},"end":{"line":8,"column":41}},"8":{"start":{"line":9,"column":0},"end":{"line":9,"column":12}},"9":{"start":{"line":10,"column":0},"end":{"line":10,"column":23}},"10":{"start":{"line":11,"column":0},"end":{"line":11,"column":19}},"11":{"start":{"line":12,"column":0},"end":{"line":12,"column":38}},"12":{"start":{"line":13,"column":0},"end":{"line":13,"column":34}},"13":{"start":{"line":14,"column":0},"end":{"line":14,"column":30}},"14":{"start":{"line":15,"column":0},"end":{"line":15,"column":8}},"15":{"start":{"line":16,"column":0},"end":{"line":16,"column":69}},"16":{"start":{"line":17,"column":0},"end":{"line":17,"column":51}},"17":{"start":{"line":18,"column":0},"end":{"line":18,"column":10}},"19":{"start":{"line":20,"column":0},"end":{"line":20,"column":1}},"21":{"start":{"line":22,"column":0},"end":{"line":22,"column":28}}},"s":{"0":1,"1":1,"3":1,"4":2,"6":2,"7":2,"8":2,"9":2,"10":2,"11":2,"12":2,"13":2,"14":2,"15":2,"16":2,"17":2,"19":2,"21":1},"branchMap":{"0":{"type":"branch","line":4,"loc":{"start":{"line":4,"column":22},"end":{"line":20,"column":1}},"locations":[{"start":{"line":4,"column":22},"end":{"line":20,"column":1}}]}},"b":{"0":[2]},"fnMap":{"0":{"name":"ThemeSwitcher","decl":{"start":{"line":4,"column":22},"end":{"line":20,"column":1}},"loc":{"start":{"line":4,"column":22},"end":{"line":20,"column":1}},"line":4}},"f":{"0":2}}
,"D:\\Программы\\Проги\\RSSchoolCourse\\src\\hooks\\redux.ts": {"path":"D:\\Программы\\Проги\\RSSchoolCourse\\src\\hooks\\redux.ts","all":false,"statementMap":{"0":{"start":{"line":1,"column":0},"end":{"line":1,"column":76}},"3":{"start":{"line":4,"column":0},"end":{"line":4,"column":72}},"4":{"start":{"line":5,"column":0},"end":{"line":5,"column":74}}},"s":{"0":1,"3":1,"4":1},"branchMap":{},"b":{},"fnMap":{"0":{"name":"useAppDispatch","decl":{"start":{"line":4,"column":30},"end":{"line":4,"column":72}},"loc":{"start":{"line":4,"column":30},"end":{"line":4,"column":72}},"line":4}},"f":{"0":0}}
,"D:\\Программы\\Проги\\RSSchoolCourse\\src\\hooks\\useSearchQuery.tsx": {"path":"D:\\Программы\\Проги\\RSSchoolCourse\\src\\hooks\\useSearchQuery.tsx","all":false,"statementMap":{"0":{"start":{"line":1,"column":0},"end":{"line":1,"column":12}},"2":{"start":{"line":3,"column":0},"end":{"line":3,"column":43}},"4":{"start":{"line":5,"column":0},"end":{"line":5,"column":63}},"5":{"start":{"line":6,"column":0},"end":{"line":6,"column":58}},"6":{"start":{"line":7,"column":0},"end":{"line":7,"column":48}},"8":{"start":{"line":9,"column":0},"end":{"line":9,"column":19}},"9":{"start":{"line":10,"column":0},"end":{"line":10,"column":19}},"10":{"start":{"line":11,"column":0},"end":{"line":11,"column":45}},"11":{"start":{"line":12,"column":0},"end":{"line":12,"column":27}},"12":{"start":{"line":13,"column":0},"end":{"line":13,"column":23}},"13":{"start":{"line":14,"column":0},"end":{"line":14,"column":7}},"14":{"start":{"line":15,"column":0},"end":{"line":15,"column":5}},"15":{"start":{"line":16,"column":0},"end":{"line":16,"column":21}},"17":{"start":{"line":18,"column":0},"end":{"line":18,"column":19}},"18":{"start":{"line":19,"column":0},"end":{"line":19,"column":19}},"19":{"start":{"line":20,"column":0},"end":{"line":20,"column":38}},"20":{"start":{"line":21,"column":0},"end":{"line":21,"column":5}},"21":{"start":{"line":22,"column":0},"end":{"line":22,"column":28}},"23":{"start":{"line":24,"column":0},"end":{"line":24,"column":35}},"24":{"start":{"line":25,"column":0},"end":{"line":25,"column":1}},"26":{"start":{"line":27,"column":0},"end":{"line":27,"column":29}}},"s":{"0":1,"2":1,"4":1,"5":7,"6":7,"8":7,"9":4,"10":4,"11":4,"12":1,"13":1,"14":4,"15":7,"17":7,"18":7,"19":7,"20":7,"21":7,"23":7,"24":7,"26":1},"branchMap":{"0":{"type":"branch","line":5,"loc":{"start":{"line":5,"column":23},"end":{"line":25,"column":1}},"locations":[{"start":{"line":5,"column":23},"end":{"line":25,"column":1}}]},"1":{"type":"branch","line":9,"loc":{"start":{"line":9,"column":12},"end":{"line":16,"column":5}},"locations":[{"start":{"line":9,"column":12},"end":{"line":16,"column":5}}]},"2":{"type":"branch","line":12,"loc":{"start":{"line":12,"column":26},"end":{"line":14,"column":7}},"locations":[{"start":{"line":12,"column":26},"end":{"line":14,"column":7}}]},"3":{"type":"branch","line":18,"loc":{"start":{"line":18,"column":12},"end":{"line":22,"column":5}},"locations":[{"start":{"line":18,"column":12},"end":{"line":22,"column":5}}]}},"b":{"0":[7],"1":[4],"2":[1],"3":[7]},"fnMap":{"0":{"name":"useSearchQuery","decl":{"start":{"line":5,"column":23},"end":{"line":25,"column":1}},"loc":{"start":{"line":5,"column":23},"end":{"line":25,"column":1}},"line":5}},"f":{"0":7}}
,"D:\\Программы\\Проги\\RSSchoolCourse\\src\\hooks\\useTheme.tsx": {"path":"D:\\Программы\\Проги\\RSSchoolCourse\\src\\hooks\\useTheme.tsx","all":false,"statementMap":{"0":{"start":{"line":1,"column":0},"end":{"line":1,"column":34}},"4":{"start":{"line":5,"column":0},"end":{"line":5,"column":50}},"6":{"start":{"line":7,"column":0},"end":{"line":7,"column":49}},"7":{"start":{"line":8,"column":0},"end":{"line":8,"column":42}},"8":{"start":{"line":9,"column":0},"end":{"line":9,"column":17}},"9":{"start":{"line":10,"column":0},"end":{"line":10,"column":67}},"10":{"start":{"line":11,"column":0},"end":{"line":11,"column":3}},"11":{"start":{"line":12,"column":0},"end":{"line":12,"column":16}},"12":{"start":{"line":13,"column":0},"end":{"line":13,"column":1}}},"s":{"0":1,"4":1,"6":1,"7":1,"8":1,"9":0,"10":0,"11":1,"12":1},"branchMap":{"0":{"type":"branch","line":7,"loc":{"start":{"line":7,"column":24},"end":{"line":13,"column":1}},"locations":[{"start":{"line":7,"column":24},"end":{"line":13,"column":1}}]},"1":{"type":"branch","line":9,"loc":{"start":{"line":9,"column":16},"end":{"line":11,"column":3}},"locations":[{"start":{"line":9,"column":16},"end":{"line":11,"column":3}}]}},"b":{"0":[1],"1":[0]},"fnMap":{"0":{"name":"useTheme","decl":{"start":{"line":7,"column":24},"end":{"line":13,"column":1}},"loc":{"start":{"line":7,"column":24},"end":{"line":13,"column":1}},"line":7}},"f":{"0":1}}
,"D:\\Программы\\Проги\\RSSchoolCourse\\src\\pages\\details\\[id].tsx": {"path":"D:\\Программы\\Проги\\RSSchoolCourse\\src\\pages\\details\\[id].tsx","all":true,"statementMap":{"0":{"start":{"line":1,"column":0},"end":{"line":1,"column":25}},"1":{"start":{"line":2,"column":0},"end":{"line":2,"column":49}},"2":{"start":{"line":3,"column":0},"end":{"line":3,"column":54}},"4":{"start":{"line":5,"column":0},"end":{"line":5,"column":24}},"5":{"start":{"line":6,"column":0},"end":{"line":6,"column":10}},"6":{"start":{"line":7,"column":0},"end":{"line":7,"column":14}},"7":{"start":{"line":8,"column":0},"end":{"line":8,"column":25}},"8":{"start":{"line":9,"column":0},"end":{"line":9,"column":15}},"10":{"start":{"line":11,"column":0},"end":{"line":11,"column":1}},"12":{"start":{"line":13,"column":0},"end":{"line":13,"column":26}}},"s":{"0":0,"1":0,"2":0,"4":0,"5":0,"6":0,"7":0,"8":0,"10":0,"12":0},"branchMap":{"0":{"type":"branch","line":1,"loc":{"start":{"line":1,"column":270},"end":{"line":13,"column":26}},"locations":[{"start":{"line":1,"column":270},"end":{"line":13,"column":26}}]}},"b":{"0":[0]},"fnMap":{"0":{"name":"(empty-report)","decl":{"start":{"line":1,"column":270},"end":{"line":13,"column":26}},"loc":{"start":{"line":1,"column":270},"end":{"line":13,"column":26}},"line":1}},"f":{"0":0}}
,"D:\\Программы\\Проги\\RSSchoolCourse\\src\\services\\CharacterService.tsx": {"path":"D:\\Программы\\Проги\\RSSchoolCourse\\src\\services\\CharacterService.tsx","all":false,"statementMap":{"0":{"start":{"line":1,"column":0},"end":{"line":1,"column":72}},"3":{"start":{"line":4,"column":0},"end":{"line":4,"column":39}},"4":{"start":{"line":5,"column":0},"end":{"line":5,"column":30}},"5":{"start":{"line":6,"column":0},"end":{"line":6,"column":29}},"6":{"start":{"line":7,"column":0},"end":{"line":7,"column":48}},"7":{"start":{"line":8,"column":0},"end":{"line":8,"column":5}},"8":{"start":{"line":9,"column":0},"end":{"line":9,"column":26}},"9":{"start":{"line":10,"column":0},"end":{"line":10,"column":80}},"10":{"start":{"line":11,"column":0},"end":{"line":11,"column":35}},"11":{"start":{"line":12,"column":0},"end":{"line":12,"column":25}},"12":{"start":{"line":13,"column":0},"end":{"line":13,"column":31}},"13":{"start":{"line":14,"column":0},"end":{"line":14,"column":9}},"14":{"start":{"line":15,"column":0},"end":{"line":15,"column":7}},"15":{"start":{"line":16,"column":0},"end":{"line":16,"column":80}},"16":{"start":{"line":17,"column":0},"end":{"line":17,"column":27}},"17":{"start":{"line":18,"column":0},"end":{"line":18,"column":31}},"18":{"start":{"line":19,"column":0},"end":{"line":19,"column":9}},"19":{"start":{"line":20,"column":0},"end":{"line":20,"column":7}},"20":{"start":{"line":21,"column":0},"end":{"line":21,"column":5}},"21":{"start":{"line":22,"column":0},"end":{"line":22,"column":2}}},"s":{"0":1,"3":1,"4":1,"5":1,"6":1,"7":1,"8":1,"9":3,"10":3,"11":1,"12":1,"13":1,"14":3,"15":3,"16":3,"17":2,"18":2,"19":3,"20":3,"21":1},"branchMap":{"0":{"type":"branch","line":9,"loc":{"start":{"line":9,"column":13},"end":{"line":21,"column":5}},"locations":[{"start":{"line":9,"column":13},"end":{"line":21,"column":5}}]},"1":{"type":"branch","line":11,"loc":{"start":{"line":11,"column":13},"end":{"line":14,"column":9}},"locations":[{"start":{"line":11,"column":13},"end":{"line":14,"column":9}}]},"2":{"type":"branch","line":17,"loc":{"start":{"line":17,"column":13},"end":{"line":19,"column":9}},"locations":[{"start":{"line":17,"column":13},"end":{"line":19,"column":9}}]}},"b":{"0":[3],"1":[1],"2":[2]},"fnMap":{"0":{"name":"endpoints","decl":{"start":{"line":9,"column":13},"end":{"line":21,"column":5}},"loc":{"start":{"line":9,"column":13},"end":{"line":21,"column":5}},"line":9},"1":{"name":"query","decl":{"start":{"line":11,"column":13},"end":{"line":14,"column":9}},"loc":{"start":{"line":11,"column":13},"end":{"line":14,"column":9}},"line":11},"2":{"name":"query","decl":{"start":{"line":17,"column":13},"end":{"line":19,"column":9}},"loc":{"start":{"line":17,"column":13},"end":{"line":19,"column":9}},"line":17}},"f":{"0":3,"1":1,"2":2}}
,"D:\\Программы\\Проги\\RSSchoolCourse\\src\\store\\store.ts": {"path":"D:\\Программы\\Проги\\RSSchoolCourse\\src\\store\\store.ts","all":false,"statementMap":{"0":{"start":{"line":1,"column":0},"end":{"line":1,"column":49}},"1":{"start":{"line":2,"column":0},"end":{"line":2,"column":59}},"2":{"start":{"line":3,"column":0},"end":{"line":3,"column":73}},"3":{"start":{"line":4,"column":0},"end":{"line":4,"column":50}},"5":{"start":{"line":6,"column":0},"end":{"line":6,"column":37}},"6":{"start":{"line":7,"column":0},"end":{"line":7,"column":12}},"7":{"start":{"line":8,"column":0},"end":{"line":8,"column":53}},"8":{"start":{"line":9,"column":0},"end":{"line":9,"column":45}},"9":{"start":{"line":10,"column":0},"end":{"line":10,"column":4}},"10":{"start":{"line":11,"column":0},"end":{"line":11,"column":39}},"11":{"start":{"line":12,"column":0},"end":{"line":12,"column":59}},"12":{"start":{"line":13,"column":0},"end":{"line":13,"column":2}},"17":{"start":{"line":18,"column":0},"end":{"line":18,"column":36}},"18":{"start":{"line":19,"column":0},"end":{"line":19,"column":64}}},"s":{"0":1,"1":1,"2":1,"3":1,"5":1,"6":1,"7":1,"8":1,"9":1,"10":1,"11":1,"12":1,"17":1,"18":1},"branchMap":{"0":{"type":"branch","line":11,"loc":{"start":{"line":11,"column":14},"end":{"line":12,"column":59}},"locations":[{"start":{"line":11,"column":14},"end":{"line":12,"column":59}}]}},"b":{"0":[1]},"fnMap":{"0":{"name":"middleware","decl":{"start":{"line":11,"column":14},"end":{"line":12,"column":59}},"loc":{"start":{"line":11,"column":14},"end":{"line":12,"column":59}},"line":11},"1":{"name":"makeStore","decl":{"start":{"line":18,"column":25},"end":{"line":18,"column":36}},"loc":{"start":{"line":18,"column":25},"end":{"line":18,"column":36}},"line":18}},"f":{"0":1,"1":0}}
,"D:\\Программы\\Проги\\RSSchoolCourse\\src\\store\\reducers\\SelectedCharacterSlice.tsx": {"path":"D:\\Программы\\Проги\\RSSchoolCourse\\src\\store\\reducers\\SelectedCharacterSlice.tsx","all":false,"statementMap":{"0":{"start":{"line":1,"column":0},"end":{"line":1,"column":61}},"7":{"start":{"line":8,"column":0},"end":{"line":8,"column":47}},"8":{"start":{"line":9,"column":0},"end":{"line":9,"column":25}},"9":{"start":{"line":10,"column":0},"end":{"line":10,"column":1}},"11":{"start":{"line":12,"column":0},"end":{"line":12,"column":45}},"12":{"start":{"line":13,"column":0},"end":{"line":13,"column":29}},"13":{"start":{"line":14,"column":0},"end":{"line":14,"column":29}},"14":{"start":{"line":15,"column":0},"end":{"line":15,"column":13}},"15":{"start":{"line":16,"column":0},"end":{"line":16,"column":68}},"16":{"start":{"line":17,"column":0},"end":{"line":17,"column":51}},"17":{"start":{"line":18,"column":0},"end":{"line":18,"column":6}},"18":{"start":{"line":19,"column":0},"end":{"line":19,"column":66}},"19":{"start":{"line":20,"column":0},"end":{"line":20,"column":65}},"20":{"start":{"line":21,"column":0},"end":{"line":21,"column":54}},"21":{"start":{"line":22,"column":0},"end":{"line":22,"column":7}},"22":{"start":{"line":23,"column":0},"end":{"line":23,"column":6}},"23":{"start":{"line":24,"column":0},"end":{"line":24,"column":39}},"24":{"start":{"line":25,"column":0},"end":{"line":25,"column":35}},"25":{"start":{"line":26,"column":0},"end":{"line":26,"column":6}},"26":{"start":{"line":27,"column":0},"end":{"line":27,"column":4}},"27":{"start":{"line":28,"column":0},"end":{"line":28,"column":2}},"29":{"start":{"line":30,"column":0},"end":{"line":30,"column":52}},"30":{"start":{"line":31,"column":0},"end":{"line":31,"column":76}},"31":{"start":{"line":32,"column":0},"end":{"line":32,"column":9}},"32":{"start":{"line":33,"column":0},"end":{"line":33,"column":22}}},"s":{"0":1,"7":1,"8":1,"9":1,"11":1,"12":1,"13":1,"14":1,"15":1,"16":2,"17":2,"18":1,"19":2,"20":2,"21":2,"22":2,"23":1,"24":1,"25":1,"26":1,"27":1,"29":1,"30":1,"31":1,"32":1},"branchMap":{"0":{"type":"branch","line":16,"loc":{"start":{"line":16,"column":21},"end":{"line":18,"column":6}},"locations":[{"start":{"line":16,"column":21},"end":{"line":18,"column":6}}]},"1":{"type":"branch","line":19,"loc":{"start":{"line":19,"column":23},"end":{"line":23,"column":6}},"locations":[{"start":{"line":19,"column":23},"end":{"line":23,"column":6}}]},"2":{"type":"branch","line":21,"loc":{"start":{"line":21,"column":8},"end":{"line":21,"column":54}},"locations":[{"start":{"line":21,"column":8},"end":{"line":21,"column":54}}]},"3":{"type":"branch","line":24,"loc":{"start":{"line":24,"column":27},"end":{"line":26,"column":6}},"locations":[{"start":{"line":24,"column":27},"end":{"line":26,"column":6}}]}},"b":{"0":[2],"1":[2],"2":[2],"3":[1]},"fnMap":{"0":{"name":"selectCharacter","decl":{"start":{"line":16,"column":21},"end":{"line":18,"column":6}},"loc":{"start":{"line":16,"column":21},"end":{"line":18,"column":6}},"line":16},"1":{"name":"unselectCharacter","decl":{"start":{"line":19,"column":23},"end":{"line":23,"column":6}},"loc":{"start":{"line":19,"column":23},"end":{"line":23,"column":6}},"line":19},"2":{"name":"unselectAllCharacters","decl":{"start":{"line":24,"column":27},"end":{"line":26,"column":6}},"loc":{"start":{"line":24,"column":27},"end":{"line":26,"column":6}},"line":24}},"f":{"0":2,"1":2,"2":1}}
,"D:\\Программы\\Проги\\RSSchoolCourse\\src\\tests\\CharacterService.test.tsx": {"path":"D:\\Программы\\Проги\\RSSchoolCourse\\src\\tests\\CharacterService.test.tsx","all":false,"statementMap":{"0":{"start":{"line":1,"column":0},"end":{"line":1,"column":60}},"1":{"start":{"line":2,"column":0},"end":{"line":2,"column":38}},"2":{"start":{"line":3,"column":0},"end":{"line":3,"column":49}},"3":{"start":{"line":4,"column":0},"end":{"line":4,"column":49}},"4":{"start":{"line":5,"column":0},"end":{"line":5,"column":59}},"8":{"start":{"line":9,"column":0},"end":{"line":9,"column":37}},"9":{"start":{"line":10,"column":0},"end":{"line":10,"column":9}},"10":{"start":{"line":11,"column":0},"end":{"line":11,"column":13}},"11":{"start":{"line":12,"column":0},"end":{"line":12,"column":13}},"12":{"start":{"line":13,"column":0},"end":{"line":13,"column":15}},"13":{"start":{"line":14,"column":0},"end":{"line":14,"column":15}},"14":{"start":{"line":15,"column":0},"end":{"line":15,"column":4}},"15":{"start":{"line":16,"column":0},"end":{"line":16,"column":12}},"16":{"start":{"line":17,"column":0},"end":{"line":17,"column":5}},"17":{"start":{"line":18,"column":0},"end":{"line":18,"column":12}},"18":{"start":{"line":19,"column":0},"end":{"line":19,"column":27}},"19":{"start":{"line":20,"column":0},"end":{"line":20,"column":22}},"20":{"start":{"line":21,"column":0},"end":{"line":21,"column":23}},"21":{"start":{"line":22,"column":0},"end":{"line":22,"column":15}},"22":{"start":{"line":23,"column":0},"end":{"line":23,"column":21}},"23":{"start":{"line":24,"column":0},"end":{"line":24,"column":44}},"24":{"start":{"line":25,"column":0},"end":{"line":25,"column":28}},"25":{"start":{"line":26,"column":0},"end":{"line":26,"column":6}},"26":{"start":{"line":27,"column":0},"end":{"line":27,"column":4}},"27":{"start":{"line":28,"column":0},"end":{"line":28,"column":1}},"29":{"start":{"line":30,"column":0},"end":{"line":30,"column":35}},"30":{"start":{"line":31,"column":0},"end":{"line":31,"column":8}},"31":{"start":{"line":32,"column":0},"end":{"line":32,"column":23}},"32":{"start":{"line":33,"column":0},"end":{"line":33,"column":18}},"33":{"start":{"line":34,"column":0},"end":{"line":34,"column":19}},"34":{"start":{"line":35,"column":0},"end":{"line":35,"column":11}},"35":{"start":{"line":36,"column":0},"end":{"line":36,"column":17}},"36":{"start":{"line":37,"column":0},"end":{"line":37,"column":40}},"37":{"start":{"line":38,"column":0},"end":{"line":38,"column":24}},"38":{"start":{"line":39,"column":0},"end":{"line":39,"column":1}},"41":{"start":{"line":42,"column":0},"end":{"line":42,"column":33}},"42":{"start":{"line":43,"column":0},"end":{"line":43,"column":59}},"44":{"start":{"line":45,"column":0},"end":{"line":45,"column":35}},"45":{"start":{"line":46,"column":0},"end":{"line":46,"column":27}},"46":{"start":{"line":47,"column":0},"end":{"line":47,"column":52}},"47":{"start":{"line":48,"column":0},"end":{"line":48,"column":20}},"48":{"start":{"line":49,"column":0},"end":{"line":49,"column":56}},"49":{"start":{"line":50,"column":0},"end":{"line":50,"column":8}},"50":{"start":{"line":51,"column":0},"end":{"line":51,"column":5}},"51":{"start":{"line":52,"column":0},"end":{"line":52,"column":3}},"53":{"start":{"line":54,"column":0},"end":{"line":54,"column":35}},"54":{"start":{"line":55,"column":0},"end":{"line":55,"column":27}},"55":{"start":{"line":56,"column":0},"end":{"line":56,"column":51}},"56":{"start":{"line":57,"column":0},"end":{"line":57,"column":20}},"57":{"start":{"line":58,"column":0},"end":{"line":58,"column":56}},"58":{"start":{"line":59,"column":0},"end":{"line":59,"column":8}},"59":{"start":{"line":60,"column":0},"end":{"line":60,"column":5}},"60":{"start":{"line":61,"column":0},"end":{"line":61,"column":3}},"62":{"start":{"line":63,"column":0},"end":{"line":63,"column":47}},"63":{"start":{"line":64,"column":0},"end":{"line":64,"column":29}},"66":{"start":{"line":67,"column":0},"end":{"line":67,"column":30}},"67":{"start":{"line":68,"column":0},"end":{"line":68,"column":12}},"68":{"start":{"line":69,"column":0},"end":{"line":69,"column":53}},"69":{"start":{"line":70,"column":0},"end":{"line":70,"column":4}},"70":{"start":{"line":71,"column":0},"end":{"line":71,"column":39}},"71":{"start":{"line":72,"column":0},"end":{"line":72,"column":59}},"72":{"start":{"line":73,"column":0},"end":{"line":73,"column":2}},"74":{"start":{"line":75,"column":0},"end":{"line":75,"column":32}},"75":{"start":{"line":76,"column":0},"end":{"line":76,"column":62}},"76":{"start":{"line":77,"column":0},"end":{"line":77,"column":34}},"77":{"start":{"line":78,"column":0},"end":{"line":78,"column":11}},"78":{"start":{"line":79,"column":0},"end":{"line":79,"column":58}},"79":{"start":{"line":80,"column":0},"end":{"line":80,"column":23}},"80":{"start":{"line":81,"column":0},"end":{"line":81,"column":18}},"81":{"start":{"line":82,"column":0},"end":{"line":82,"column":11}},"82":{"start":{"line":83,"column":0},"end":{"line":83,"column":7}},"83":{"start":{"line":84,"column":0},"end":{"line":84,"column":36}},"84":{"start":{"line":85,"column":0},"end":{"line":85,"column":55}},"86":{"start":{"line":87,"column":0},"end":{"line":87,"column":7}},"87":{"start":{"line":88,"column":0},"end":{"line":88,"column":5}},"89":{"start":{"line":90,"column":0},"end":{"line":90,"column":25}},"90":{"start":{"line":91,"column":0},"end":{"line":91,"column":51}},"91":{"start":{"line":92,"column":0},"end":{"line":92,"column":6}},"93":{"start":{"line":94,"column":0},"end":{"line":94,"column":55}},"94":{"start":{"line":95,"column":0},"end":{"line":95,"column":4}},"96":{"start":{"line":97,"column":0},"end":{"line":97,"column":59}},"97":{"start":{"line":98,"column":0},"end":{"line":98,"column":34}},"98":{"start":{"line":99,"column":0},"end":{"line":99,"column":79}},"99":{"start":{"line":100,"column":0},"end":{"line":100,"column":7}},"100":{"start":{"line":101,"column":0},"end":{"line":101,"column":36}},"101":{"start":{"line":102,"column":0},"end":{"line":102,"column":55}},"103":{"start":{"line":104,"column":0},"end":{"line":104,"column":7}},"104":{"start":{"line":105,"column":0},"end":{"line":105,"column":5}},"106":{"start":{"line":107,"column":0},"end":{"line":107,"column":25}},"107":{"start":{"line":108,"column":0},"end":{"line":108,"column":51}},"108":{"start":{"line":109,"column":0},"end":{"line":109,"column":6}},"110":{"start":{"line":111,"column":0},"end":{"line":111,"column":54}},"111":{"start":{"line":112,"column":0},"end":{"line":112,"column":4}},"112":{"start":{"line":113,"column":0},"end":{"line":113,"column":2}}},"s":{"0":1,"1":1,"2":1,"3":1,"4":1,"8":1,"9":1,"10":1,"11":1,"12":1,"13":1,"14":1,"15":1,"16":1,"17":1,"18":1,"19":1,"20":1,"21":1,"22":1,"23":1,"24":1,"25":1,"26":1,"27":1,"29":1,"30":1,"31":1,"32":1,"33":1,"34":1,"35":1,"36":1,"37":1,"38":1,"41":1,"42":2,"44":2,"45":1,"46":1,"47":1,"48":1,"49":1,"50":1,"51":1,"53":1,"54":1,"55":1,"56":1,"57":1,"58":1,"59":1,"60":1,"62":0,"63":0,"66":1,"67":1,"68":1,"69":1,"70":1,"71":1,"72":1,"74":1,"75":1,"76":1,"77":1,"78":3,"79":3,"80":3,"81":3,"82":1,"83":1,"84":1,"86":1,"87":1,"89":1,"90":2,"91":1,"93":1,"94":1,"96":1,"97":1,"98":1,"99":1,"100":1,"101":1,"103":1,"104":1,"106":1,"107":2,"108":1,"110":1,"111":1,"112":1},"branchMap":{"0":{"type":"branch","line":42,"loc":{"start":{"line":42,"column":21},"end":{"line":64,"column":29}},"locations":[{"start":{"line":42,"column":21},"end":{"line":64,"column":29}}]},"1":{"type":"branch","line":43,"loc":{"start":{"line":43,"column":31},"end":{"line":43,"column":50}},"locations":[{"start":{"line":43,"column":31},"end":{"line":43,"column":50}}]},"2":{"type":"branch","line":45,"loc":{"start":{"line":45,"column":34},"end":{"line":61,"column":3}},"locations":[{"start":{"line":45,"column":34},"end":{"line":61,"column":3}}]},"3":{"type":"branch","line":61,"loc":{"start":{"line":61,"column":2},"end":{"line":64,"column":29}},"locations":[{"start":{"line":61,"column":2},"end":{"line":64,"column":29}}]},"4":{"type":"branch","line":71,"loc":{"start":{"line":71,"column":14},"end":{"line":72,"column":59}},"locations":[{"start":{"line":71,"column":14},"end":{"line":72,"column":59}}]},"5":{"type":"branch","line":75,"loc":{"start":{"line":75,"column":25},"end":{"line":113,"column":2}},"locations":[{"start":{"line":75,"column":25},"end":{"line":113,"column":2}}]},"6":{"type":"branch","line":76,"loc":{"start":{"line":76,"column":49},"end":{"line":95,"column":3}},"locations":[{"start":{"line":76,"column":49},"end":{"line":95,"column":3}}]},"7":{"type":"branch","line":78,"loc":{"start":{"line":78,"column":6},"end":{"line":82,"column":11}},"locations":[{"start":{"line":78,"column":6},"end":{"line":82,"column":11}}]},"8":{"type":"branch","line":84,"loc":{"start":{"line":84,"column":17},"end":{"line":85,"column":55}},"locations":[{"start":{"line":84,"column":17},"end":{"line":85,"column":55}}]},"9":{"type":"branch","line":90,"loc":{"start":{"line":90,"column":18},"end":{"line":92,"column":5}},"locations":[{"start":{"line":90,"column":18},"end":{"line":92,"column":5}}]},"10":{"type":"branch","line":97,"loc":{"start":{"line":97,"column":46},"end":{"line":112,"column":3}},"locations":[{"start":{"line":97,"column":46},"end":{"line":112,"column":3}}]},"11":{"type":"branch","line":99,"loc":{"start":{"line":99,"column":6},"end":{"line":99,"column":79}},"locations":[{"start":{"line":99,"column":6},"end":{"line":99,"column":79}}]},"12":{"type":"branch","line":101,"loc":{"start":{"line":101,"column":17},"end":{"line":102,"column":55}},"locations":[{"start":{"line":101,"column":17},"end":{"line":102,"column":55}}]},"13":{"type":"branch","line":107,"loc":{"start":{"line":107,"column":18},"end":{"line":109,"column":5}},"locations":[{"start":{"line":107,"column":18},"end":{"line":109,"column":5}}]}},"b":{"0":[2],"1":[0],"2":[1],"3":[0],"4":[1],"5":[1],"6":[1],"7":[3],"8":[1],"9":[2],"10":[1],"11":[3],"12":[1],"13":[2]},"fnMap":{"0":{"name":"middleware","decl":{"start":{"line":71,"column":14},"end":{"line":72,"column":59}},"loc":{"start":{"line":71,"column":14},"end":{"line":72,"column":59}},"line":71},"1":{"name":"__vite_ssr_import_1__.renderHook.wrapper.children.children","decl":{"start":{"line":78,"column":6},"end":{"line":82,"column":11}},"loc":{"start":{"line":78,"column":6},"end":{"line":82,"column":11}},"line":78},"2":{"name":"wrapper","decl":{"start":{"line":84,"column":17},"end":{"line":85,"column":55}},"loc":{"start":{"line":84,"column":17},"end":{"line":85,"column":55}},"line":84},"3":{"name":"__vite_ssr_import_1__.renderHook.wrapper.children.children","decl":{"start":{"line":99,"column":6},"end":{"line":99,"column":79}},"loc":{"start":{"line":99,"column":6},"end":{"line":99,"column":79}},"line":99},"4":{"name":"wrapper","decl":{"start":{"line":101,"column":17},"end":{"line":102,"column":55}},"loc":{"start":{"line":101,"column":17},"end":{"line":102,"column":55}},"line":101}},"f":{"0":1,"1":3,"2":1,"3":3,"4":1}}
,"D:\\Программы\\Проги\\RSSchoolCourse\\src\\tests\\Details.test.tsx": {"path":"D:\\Программы\\Проги\\RSSchoolCourse\\src\\tests\\Details.test.tsx","all":false,"statementMap":{"0":{"start":{"line":1,"column":0},"end":{"line":1,"column":29}},"2":{"start":{"line":3,"column":0},"end":{"line":3,"column":55}},"3":{"start":{"line":4,"column":0},"end":{"line":4,"column":72}},"4":{"start":{"line":5,"column":0},"end":{"line":5,"column":51}},"5":{"start":{"line":6,"column":0},"end":{"line":6,"column":38}},"6":{"start":{"line":7,"column":0},"end":{"line":7,"column":38}},"7":{"start":{"line":8,"column":0},"end":{"line":8,"column":53}},"8":{"start":{"line":9,"column":0},"end":{"line":9,"column":82}},"10":{"start":{"line":11,"column":0},"end":{"line":11,"column":24}},"19":{"start":{"line":20,"column":0},"end":{"line":20,"column":28}},"37":{"start":{"line":38,"column":0},"end":{"line":38,"column":37}},"38":{"start":{"line":39,"column":0},"end":{"line":39,"column":20}},"39":{"start":{"line":40,"column":0},"end":{"line":40,"column":55}},"40":{"start":{"line":41,"column":0},"end":{"line":41,"column":22}},"41":{"start":{"line":42,"column":0},"end":{"line":42,"column":18}},"42":{"start":{"line":43,"column":0},"end":{"line":43,"column":23}},"43":{"start":{"line":44,"column":0},"end":{"line":44,"column":6}},"44":{"start":{"line":45,"column":0},"end":{"line":45,"column":4}},"46":{"start":{"line":47,"column":0},"end":{"line":47,"column":19}},"47":{"start":{"line":48,"column":0},"end":{"line":48,"column":22}},"48":{"start":{"line":49,"column":0},"end":{"line":49,"column":4}},"50":{"start":{"line":51,"column":0},"end":{"line":51,"column":47}},"51":{"start":{"line":52,"column":0},"end":{"line":52,"column":11}},"52":{"start":{"line":53,"column":0},"end":{"line":53,"column":30}},"53":{"start":{"line":54,"column":0},"end":{"line":54,"column":19}},"54":{"start":{"line":55,"column":0},"end":{"line":55,"column":17}},"55":{"start":{"line":56,"column":0},"end":{"line":56,"column":5}},"57":{"start":{"line":58,"column":0},"end":{"line":58,"column":60}},"58":{"start":{"line":59,"column":0},"end":{"line":59,"column":46}},"59":{"start":{"line":60,"column":0},"end":{"line":60,"column":4}},"60":{"start":{"line":61,"column":0},"end":{"line":61,"column":2}}},"s":{"0":1,"2":1,"3":1,"4":1,"5":1,"6":1,"7":1,"8":1,"10":1,"19":1,"37":1,"38":1,"39":1,"40":1,"41":1,"42":1,"43":1,"44":1,"46":1,"47":1,"48":1,"50":1,"51":1,"52":1,"53":1,"54":1,"55":1,"57":1,"58":1,"59":1,"60":1},"branchMap":{"0":{"type":"branch","line":38,"loc":{"start":{"line":38,"column":30},"end":{"line":61,"column":2}},"locations":[{"start":{"line":38,"column":30},"end":{"line":61,"column":2}}]},"1":{"type":"branch","line":39,"loc":{"start":{"line":39,"column":13},"end":{"line":45,"column":3}},"locations":[{"start":{"line":39,"column":13},"end":{"line":45,"column":3}}]},"2":{"type":"branch","line":47,"loc":{"start":{"line":47,"column":12},"end":{"line":49,"column":3}},"locations":[{"start":{"line":47,"column":12},"end":{"line":49,"column":3}}]},"3":{"type":"branch","line":51,"loc":{"start":{"line":51,"column":40},"end":{"line":60,"column":3}},"locations":[{"start":{"line":51,"column":40},"end":{"line":60,"column":3}}]}},"b":{"0":[1],"1":[1],"2":[1],"3":[1]},"fnMap":{},"f":{}}
,"D:\\Программы\\Проги\\RSSchoolCourse\\src\\tests\\ErrorBoundary.test.tsx": {"path":"D:\\Программы\\Проги\\RSSchoolCourse\\src\\tests\\ErrorBoundary.test.tsx","all":false,"statementMap":{"0":{"start":{"line":1,"column":0},"end":{"line":1,"column":66}},"1":{"start":{"line":2,"column":0},"end":{"line":2,"column":61}},"2":{"start":{"line":3,"column":0},"end":{"line":3,"column":69}},"4":{"start":{"line":5,"column":0},"end":{"line":5,"column":36}},"5":{"start":{"line":6,"column":0},"end":{"line":6,"column":31}},"6":{"start":{"line":7,"column":0},"end":{"line":7,"column":1}},"8":{"start":{"line":9,"column":0},"end":{"line":9,"column":33}},"9":{"start":{"line":10,"column":0},"end":{"line":10,"column":20}},"10":{"start":{"line":11,"column":0},"end":{"line":11,"column":24}},"11":{"start":{"line":12,"column":0},"end":{"line":12,"column":59}},"12":{"start":{"line":13,"column":0},"end":{"line":13,"column":4}},"14":{"start":{"line":15,"column":0},"end":{"line":15,"column":19}},"15":{"start":{"line":16,"column":0},"end":{"line":16,"column":47}},"16":{"start":{"line":17,"column":0},"end":{"line":17,"column":4}},"18":{"start":{"line":19,"column":0},"end":{"line":19,"column":60}},"19":{"start":{"line":20,"column":0},"end":{"line":20,"column":11}},"20":{"start":{"line":21,"column":0},"end":{"line":21,"column":21}},"21":{"start":{"line":22,"column":0},"end":{"line":22,"column":32}},"22":{"start":{"line":23,"column":0},"end":{"line":23,"column":22}},"23":{"start":{"line":24,"column":0},"end":{"line":24,"column":5}},"25":{"start":{"line":26,"column":0},"end":{"line":26,"column":11}},"26":{"start":{"line":27,"column":0},"end":{"line":27,"column":71}},"27":{"start":{"line":28,"column":0},"end":{"line":28,"column":25}},"28":{"start":{"line":29,"column":0},"end":{"line":29,"column":4}},"30":{"start":{"line":31,"column":0},"end":{"line":31,"column":85}},"31":{"start":{"line":32,"column":0},"end":{"line":32,"column":46}},"33":{"start":{"line":34,"column":0},"end":{"line":34,"column":11}},"34":{"start":{"line":35,"column":0},"end":{"line":35,"column":21}},"35":{"start":{"line":36,"column":0},"end":{"line":36,"column":32}},"36":{"start":{"line":37,"column":0},"end":{"line":37,"column":22}},"37":{"start":{"line":38,"column":0},"end":{"line":38,"column":5}},"39":{"start":{"line":40,"column":0},"end":{"line":40,"column":46}},"41":{"start":{"line":42,"column":0},"end":{"line":42,"column":55}},"42":{"start":{"line":43,"column":0},"end":{"line":43,"column":4}},"43":{"start":{"line":44,"column":0},"end":{"line":44,"column":2}}},"s":{"0":1,"1":1,"2":1,"4":1,"5":9,"6":9,"8":1,"9":1,"10":2,"11":2,"12":1,"14":1,"15":2,"16":1,"18":1,"19":1,"20":1,"21":1,"22":1,"23":1,"25":1,"26":1,"27":1,"28":1,"30":1,"31":1,"33":1,"34":1,"35":1,"36":1,"37":1,"39":1,"41":1,"42":1,"43":1},"branchMap":{"0":{"type":"branch","line":5,"loc":{"start":{"line":5,"column":29},"end":{"line":7,"column":1}},"locations":[{"start":{"line":5,"column":29},"end":{"line":7,"column":1}}]},"1":{"type":"branch","line":9,"loc":{"start":{"line":9,"column":26},"end":{"line":44,"column":2}},"locations":[{"start":{"line":9,"column":26},"end":{"line":44,"column":2}}]},"2":{"type":"branch","line":10,"loc":{"start":{"line":10,"column":13},"end":{"line":13,"column":3}},"locations":[{"start":{"line":10,"column":13},"end":{"line":13,"column":3}}]},"3":{"type":"branch","line":12,"loc":{"start":{"line":12,"column":50},"end":{"line":12,"column":58}},"locations":[{"start":{"line":12,"column":50},"end":{"line":12,"column":58}}]},"4":{"type":"branch","line":15,"loc":{"start":{"line":15,"column":12},"end":{"line":17,"column":3}},"locations":[{"start":{"line":15,"column":12},"end":{"line":17,"column":3}}]},"5":{"type":"branch","line":19,"loc":{"start":{"line":19,"column":53},"end":{"line":29,"column":3}},"locations":[{"start":{"line":19,"column":53},"end":{"line":29,"column":3}}]},"6":{"type":"branch","line":31,"loc":{"start":{"line":31,"column":78},"end":{"line":43,"column":3}},"locations":[{"start":{"line":31,"column":78},"end":{"line":43,"column":3}}]}},"b":{"0":[9],"1":[1],"2":[2],"3":[9],"4":[2],"5":[1],"6":[1]},"fnMap":{"0":{"name":"ProblematicComponent","decl":{"start":{"line":5,"column":29},"end":{"line":7,"column":1}},"loc":{"start":{"line":5,"column":29},"end":{"line":7,"column":1}},"line":5}},"f":{"0":9}}
,"D:\\Программы\\Проги\\RSSchoolCourse\\src\\tests\\FlyoutBar.test.tsx": {"path":"D:\\Программы\\Проги\\RSSchoolCourse\\src\\tests\\FlyoutBar.test.tsx","all":false,"statementMap":{"0":{"start":{"line":1,"column":0},"end":{"line":1,"column":25}},"1":{"start":{"line":2,"column":0},"end":{"line":2,"column":66}},"2":{"start":{"line":3,"column":0},"end":{"line":3,"column":38}},"3":{"start":{"line":4,"column":0},"end":{"line":4,"column":49}},"4":{"start":{"line":5,"column":0},"end":{"line":5,"column":57}},"8":{"start":{"line":9,"column":0},"end":{"line":9,"column":49}},"9":{"start":{"line":10,"column":0},"end":{"line":10,"column":80}},"11":{"start":{"line":12,"column":0},"end":{"line":12,"column":27}},"13":{"start":{"line":14,"column":0},"end":{"line":14,"column":39}},"14":{"start":{"line":15,"column":0},"end":{"line":15,"column":46}},"15":{"start":{"line":16,"column":0},"end":{"line":16,"column":49}},"16":{"start":{"line":17,"column":0},"end":{"line":17,"column":43}},"17":{"start":{"line":18,"column":0},"end":{"line":18,"column":3}},"19":{"start":{"line":20,"column":0},"end":{"line":20,"column":20}},"21":{"start":{"line":22,"column":0},"end":{"line":22,"column":63}},"23":{"start":{"line":24,"column":0},"end":{"line":24,"column":28}},"24":{"start":{"line":25,"column":0},"end":{"line":25,"column":60}},"25":{"start":{"line":26,"column":0},"end":{"line":26,"column":23}},"26":{"start":{"line":27,"column":0},"end":{"line":27,"column":36}},"27":{"start":{"line":28,"column":0},"end":{"line":28,"column":8}},"28":{"start":{"line":29,"column":0},"end":{"line":29,"column":6}},"29":{"start":{"line":30,"column":0},"end":{"line":30,"column":28}},"30":{"start":{"line":31,"column":0},"end":{"line":31,"column":4}},"32":{"start":{"line":33,"column":0},"end":{"line":33,"column":19}},"33":{"start":{"line":34,"column":0},"end":{"line":34,"column":61}},"34":{"start":{"line":35,"column":0},"end":{"line":35,"column":4}},"36":{"start":{"line":37,"column":0},"end":{"line":37,"column":63}},"37":{"start":{"line":38,"column":0},"end":{"line":38,"column":11}},"38":{"start":{"line":39,"column":0},"end":{"line":39,"column":30}},"39":{"start":{"line":40,"column":0},"end":{"line":40,"column":21}},"40":{"start":{"line":41,"column":0},"end":{"line":41,"column":17}},"41":{"start":{"line":42,"column":0},"end":{"line":42,"column":5}},"43":{"start":{"line":44,"column":0},"end":{"line":44,"column":64}},"44":{"start":{"line":45,"column":0},"end":{"line":45,"column":4}},"46":{"start":{"line":47,"column":0},"end":{"line":47,"column":66}},"47":{"start":{"line":48,"column":0},"end":{"line":48,"column":52}},"48":{"start":{"line":49,"column":0},"end":{"line":49,"column":27}},"49":{"start":{"line":50,"column":0},"end":{"line":50,"column":9}},"50":{"start":{"line":51,"column":0},"end":{"line":51,"column":16}},"51":{"start":{"line":52,"column":0},"end":{"line":52,"column":31}},"52":{"start":{"line":53,"column":0},"end":{"line":53,"column":26}},"53":{"start":{"line":54,"column":0},"end":{"line":54,"column":27}},"54":{"start":{"line":55,"column":0},"end":{"line":55,"column":19}},"55":{"start":{"line":56,"column":0},"end":{"line":56,"column":25}},"56":{"start":{"line":57,"column":0},"end":{"line":57,"column":49}},"57":{"start":{"line":58,"column":0},"end":{"line":58,"column":46}},"58":{"start":{"line":59,"column":0},"end":{"line":59,"column":10}},"59":{"start":{"line":60,"column":0},"end":{"line":60,"column":8}},"60":{"start":{"line":61,"column":0},"end":{"line":61,"column":5}},"62":{"start":{"line":63,"column":0},"end":{"line":63,"column":28}},"63":{"start":{"line":64,"column":0},"end":{"line":64,"column":60}},"64":{"start":{"line":65,"column":0},"end":{"line":65,"column":23}},"65":{"start":{"line":66,"column":0},"end":{"line":66,"column":37}},"66":{"start":{"line":67,"column":0},"end":{"line":67,"column":8}},"67":{"start":{"line":68,"column":0},"end":{"line":68,"column":6}},"69":{"start":{"line":70,"column":0},"end":{"line":70,"column":28}},"71":{"start":{"line":72,"column":0},"end":{"line":72,"column":11}},"72":{"start":{"line":73,"column":0},"end":{"line":73,"column":30}},"73":{"start":{"line":74,"column":0},"end":{"line":74,"column":21}},"74":{"start":{"line":75,"column":0},"end":{"line":75,"column":17}},"75":{"start":{"line":76,"column":0},"end":{"line":76,"column":5}},"77":{"start":{"line":78,"column":0},"end":{"line":78,"column":73}},"79":{"start":{"line":80,"column":0},"end":{"line":80,"column":54}},"81":{"start":{"line":82,"column":0},"end":{"line":82,"column":72}},"82":{"start":{"line":83,"column":0},"end":{"line":83,"column":4}},"84":{"start":{"line":85,"column":0},"end":{"line":85,"column":72}},"85":{"start":{"line":86,"column":0},"end":{"line":86,"column":52}},"86":{"start":{"line":87,"column":0},"end":{"line":87,"column":27}},"87":{"start":{"line":88,"column":0},"end":{"line":88,"column":9}},"88":{"start":{"line":89,"column":0},"end":{"line":89,"column":16}},"89":{"start":{"line":90,"column":0},"end":{"line":90,"column":31}},"90":{"start":{"line":91,"column":0},"end":{"line":91,"column":26}},"91":{"start":{"line":92,"column":0},"end":{"line":92,"column":27}},"92":{"start":{"line":93,"column":0},"end":{"line":93,"column":19}},"93":{"start":{"line":94,"column":0},"end":{"line":94,"column":25}},"94":{"start":{"line":95,"column":0},"end":{"line":95,"column":49}},"95":{"start":{"line":96,"column":0},"end":{"line":96,"column":46}},"96":{"start":{"line":97,"column":0},"end":{"line":97,"column":10}},"97":{"start":{"line":98,"column":0},"end":{"line":98,"column":8}},"98":{"start":{"line":99,"column":0},"end":{"line":99,"column":5}},"100":{"start":{"line":101,"column":0},"end":{"line":101,"column":28}},"101":{"start":{"line":102,"column":0},"end":{"line":102,"column":60}},"102":{"start":{"line":10
[...]
,"D:\\Программы\\Проги\\RSSchoolCourse\\src\\tests\\ThemeContext.test.tsx": {"path":"D:\\Программы\\Проги\\RSSchoolCourse\\src\\tests\\ThemeContext.test.tsx","all":false,"statementMap":{"0":{"start":{"line":1,"column":0},"end":{"line":1,"column":66}},"1":{"start":{"line":2,"column":0},"end":{"line":2,"column":57}},"2":{"start":{"line":3,"column":0},"end":{"line":3,"column":34}},"6":{"start":{"line":7,"column":0},"end":{"line":7,"column":50}},"8":{"start":{"line":9,"column":0},"end":{"line":9,"column":29}},"9":{"start":{"line":10,"column":0},"end":{"line":10,"column":47}},"11":{"start":{"line":12,"column":0},"end":{"line":12,"column":22}},"12":{"start":{"line":13,"column":0},"end":{"line":13,"column":15}},"13":{"start":{"line":14,"column":0},"end":{"line":14,"column":3}},"15":{"start":{"line":16,"column":0},"end":{"line":16,"column":45}},"17":{"start":{"line":18,"column":0},"end":{"line":18,"column":10}},"18":{"start":{"line":19,"column":0},"end":{"line":19,"column":9}},"19":{"start":{"line":20,"column":0},"end":{"line":20,"column":41}},"20":{"start":{"line":21,"column":0},"end":{"line":21,"column":57}},"21":{"start":{"line":22,"column":0},"end":{"line":22,"column":10}},"23":{"start":{"line":24,"column":0},"end":{"line":24,"column":1}},"25":{"start":{"line":26,"column":0},"end":{"line":26,"column":33}},"26":{"start":{"line":27,"column":0},"end":{"line":27,"column":20}},"27":{"start":{"line":28,"column":0},"end":{"line":28,"column":24}},"28":{"start":{"line":29,"column":0},"end":{"line":29,"column":58}},"29":{"start":{"line":30,"column":0},"end":{"line":30,"column":4}},"31":{"start":{"line":32,"column":0},"end":{"line":32,"column":62}},"32":{"start":{"line":33,"column":0},"end":{"line":33,"column":11}},"33":{"start":{"line":34,"column":0},"end":{"line":34,"column":21}},"34":{"start":{"line":35,"column":0},"end":{"line":35,"column":25}},"35":{"start":{"line":36,"column":0},"end":{"line":36,"column":22}},"36":{"start":{"line":37,"column":0},"end":{"line":37,"column":5}},"38":{"start":{"line":39,"column":0},"end":{"line":39,"column":72}},"39":{"start":{"line":40,"column":0},"end":{"line":40,"column":77}},"41":{"start":{"line":42,"column":0},"end":{"line":42,"column":51}},"42":{"start":{"line":43,"column":0},"end":{"line":43,"column":27}},"44":{"start":{"line":45,"column":0},"end":{"line":45,"column":71}},"45":{"start":{"line":46,"column":0},"end":{"line":46,"column":76}},"46":{"start":{"line":47,"column":0},"end":{"line":47,"column":4}},"48":{"start":{"line":49,"column":0},"end":{"line":49,"column":57}},"49":{"start":{"line":50,"column":0},"end":{"line":50,"column":41}},"51":{"start":{"line":52,"column":0},"end":{"line":52,"column":11}},"52":{"start":{"line":53,"column":0},"end":{"line":53,"column":21}},"53":{"start":{"line":54,"column":0},"end":{"line":54,"column":25}},"54":{"start":{"line":55,"column":0},"end":{"line":55,"column":22}},"55":{"start":{"line":56,"column":0},"end":{"line":56,"column":5}},"57":{"start":{"line":58,"column":0},"end":{"line":58,"column":71}},"58":{"start":{"line":59,"column":0},"end":{"line":59,"column":76}},"60":{"start":{"line":61,"column":0},"end":{"line":61,"column":51}},"61":{"start":{"line":62,"column":0},"end":{"line":62,"column":27}},"63":{"start":{"line":64,"column":0},"end":{"line":64,"column":72}},"64":{"start":{"line":65,"column":0},"end":{"line":65,"column":77}},"65":{"start":{"line":66,"column":0},"end":{"line":66,"column":4}},"66":{"start":{"line":67,"column":0},"end":{"line":67,"column":2}}},"s":{"0":1,"1":1,"2":1,"6":1,"8":1,"9":5,"11":5,"12":0,"13":0,"15":5,"17":5,"18":5,"19":5,"20":5,"21":5,"23":5,"25":1,"26":1,"27":2,"28":2,"29":1,"31":1,"32":1,"33":1,"34":1,"35":1,"36":1,"38":1,"39":1,"41":1,"42":1,"44":1,"45":1,"46":1,"48":1,"49":1,"51":1,"52":1,"53":1,"54":1,"55":1,"57":1,"58":1,"60":1,"61":1,"63":1,"64":1,"65":1,"66":1},"branchMap":{"0":{"type":"branch","line":9,"loc":{"start":{"line":9,"column":22},"end":{"line":24,"column":1}},"locations":[{"start":{"line":9,"column":22},"end":{"line":24,"column":1}}]},"1":{"type":"branch","line":12,"loc":{"start":{"line":12,"column":21},"end":{"line":14,"column":3}},"locations":[{"start":{"line":12,"column":21},"end":{"line":14,"column":3}}]},"2":{"type":"branch","line":26,"loc":{"start":{"line":26,"column":26},"end":{"line":67,"column":2}},"locations":[{"start":{"line":26,"column":26},"end":{"line":67,"column":2}}]},"3":{"type":"branch","line":27,"loc":{"start":{"line":27,"column":13},"end":{"line":30,"column":3}},"locations":[{"start":{"line":27,"column":13},"end":{"line":30,"column":3}}]},"4":{"type":"branch","line":32,"loc":{"start":{"line":32,"column":55},"end":{"line":47,"column":3}},"locations":[{"start":{"line":32,"column":55},"end":{"line":47,"column":3}}]},"5":{"type":"branch","line":49,"loc":{"start":{"line":49,"column":50},"end":{"line":66,"column":3}},"locations":[{"start":{"line":49,"column":50},"end":{"line":66,"column":3}}]}},"b":{"0":[5],"1":[0],"2":[1],"3":[2],"4":[1],"5":[1]},"fnMap":{"0":{"name":"TestComponent","decl":{"start":{"line":9,"column":22},"end":{"line":24,"column":1}},"loc":{"start":{"line":9,"column":22},"end":{"line":24,"column":1}},"line":9}},"f":{"0":5}}
,"D:\\Программы\\Проги\\RSSchoolCourse\\src\\tests\\ThemeSwitcher.test.tsx": {"path":"D:\\Программы\\Проги\\RSSchoolCourse\\src\\tests\\ThemeSwitcher.test.tsx","all":false,"statementMap":{"0":{"start":{"line":1,"column":0},"end":{"line":1,"column":25}},"1":{"start":{"line":2,"column":0},"end":{"line":2,"column":55}},"2":{"start":{"line":3,"column":0},"end":{"line":3,"column":61}},"3":{"start":{"line":4,"column":0},"end":{"line":4,"column":70}},"4":{"start":{"line":5,"column":0},"end":{"line":5,"column":44}},"10":{"start":{"line":11,"column":0},"end":{"line":11,"column":43}},"11":{"start":{"line":12,"column":0},"end":{"line":12,"column":20}},"12":{"start":{"line":13,"column":0},"end":{"line":13,"column":40}},"13":{"start":{"line":14,"column":0},"end":{"line":14,"column":4}},"15":{"start":{"line":16,"column":0},"end":{"line":16,"column":50}},"16":{"start":{"line":17,"column":0},"end":{"line":17,"column":46}},"17":{"start":{"line":18,"column":0},"end":{"line":18,"column":21}},"18":{"start":{"line":19,"column":0},"end":{"line":19,"column":27}},"19":{"start":{"line":20,"column":0},"end":{"line":20,"column":6}},"21":{"start":{"line":22,"column":0},"end":{"line":22,"column":29}},"24":{"start":{"line":25,"column":0},"end":{"line":25,"column":109}},"25":{"start":{"line":26,"column":0},"end":{"line":26,"column":40}},"26":{"start":{"line":27,"column":0},"end":{"line":27,"column":75}},"28":{"start":{"line":29,"column":0},"end":{"line":29,"column":47}},"29":{"start":{"line":30,"column":0},"end":{"line":30,"column":41}},"30":{"start":{"line":31,"column":0},"end":{"line":31,"column":4}},"32":{"start":{"line":33,"column":0},"end":{"line":33,"column":49}},"33":{"start":{"line":34,"column":0},"end":{"line":34,"column":46}},"34":{"start":{"line":35,"column":0},"end":{"line":35,"column":20}},"35":{"start":{"line":36,"column":0},"end":{"line":36,"column":27}},"36":{"start":{"line":37,"column":0},"end":{"line":37,"column":6}},"38":{"start":{"line":39,"column":0},"end":{"line":39,"column":29}},"41":{"start":{"line":42,"column":0},"end":{"line":42,"column":109}},"42":{"start":{"line":43,"column":0},"end":{"line":43,"column":40}},"43":{"start":{"line":44,"column":0},"end":{"line":44,"column":66}},"45":{"start":{"line":46,"column":0},"end":{"line":46,"column":47}},"46":{"start":{"line":47,"column":0},"end":{"line":47,"column":41}},"47":{"start":{"line":48,"column":0},"end":{"line":48,"column":4}},"48":{"start":{"line":49,"column":0},"end":{"line":49,"column":2}}},"s":{"0":1,"1":1,"2":1,"3":1,"4":1,"10":1,"11":1,"12":2,"13":1,"15":1,"16":1,"17":1,"18":1,"19":1,"21":1,"24":1,"25":1,"26":1,"28":1,"29":1,"30":1,"32":1,"33":1,"34":1,"35":1,"36":1,"38":1,"41":1,"42":1,"43":1,"45":1,"46":1,"47":1,"48":1},"branchMap":{"0":{"type":"branch","line":11,"loc":{"start":{"line":11,"column":36},"end":{"line":49,"column":2}},"locations":[{"start":{"line":11,"column":36},"end":{"line":49,"column":2}}]},"1":{"type":"branch","line":12,"loc":{"start":{"line":12,"column":13},"end":{"line":14,"column":3}},"locations":[{"start":{"line":12,"column":13},"end":{"line":14,"column":3}}]},"2":{"type":"branch","line":16,"loc":{"start":{"line":16,"column":43},"end":{"line":31,"column":3}},"locations":[{"start":{"line":16,"column":43},"end":{"line":31,"column":3}}]},"3":{"type":"branch","line":33,"loc":{"start":{"line":33,"column":42},"end":{"line":48,"column":3}},"locations":[{"start":{"line":33,"column":42},"end":{"line":48,"column":3}}]}},"b":{"0":[1],"1":[2],"2":[1],"3":[1]},"fnMap":{},"f":{}}
,"D:\\Программы\\Проги\\RSSchoolCourse\\src\\tests\\useSearchQuery.test.tsx": {"path":"D:\\Программы\\Проги\\RSSchoolCourse\\src\\tests\\useSearchQuery.test.tsx","all":false,"statementMap":{"0":{"start":{"line":1,"column":0},"end":{"line":1,"column":57}},"1":{"start":{"line":2,"column":0},"end":{"line":2,"column":52}},"2":{"start":{"line":3,"column":0},"end":{"line":3,"column":56}},"3":{"start":{"line":4,"column":0},"end":{"line":4,"column":48}},"5":{"start":{"line":6,"column":0},"end":{"line":6,"column":34}},"6":{"start":{"line":7,"column":0},"end":{"line":7,"column":26}},"7":{"start":{"line":8,"column":0},"end":{"line":8,"column":37}},"9":{"start":{"line":10,"column":0},"end":{"line":10,"column":20}},"10":{"start":{"line":11,"column":0},"end":{"line":11,"column":24}},"11":{"start":{"line":12,"column":0},"end":{"line":12,"column":4}},"13":{"start":{"line":14,"column":0},"end":{"line":14,"column":70}},"14":{"start":{"line":15,"column":0},"end":{"line":15,"column":74}},"16":{"start":{"line":17,"column":0},"end":{"line":17,"column":34}},"17":{"start":{"line":18,"column":0},"end":{"line":18,"column":36}},"18":{"start":{"line":19,"column":0},"end":{"line":19,"column":4}},"20":{"start":{"line":21,"column":0},"end":{"line":21,"column":72}},"21":{"start":{"line":22,"column":0},"end":{"line":22,"column":35}},"22":{"start":{"line":23,"column":0},"end":{"line":23,"column":41}},"24":{"start":{"line":25,"column":0},"end":{"line":25,"column":74}},"26":{"start":{"line":27,"column":0},"end":{"line":27,"column":34}},"27":{"start":{"line":28,"column":0},"end":{"line":28,"column":34}},"28":{"start":{"line":29,"column":0},"end":{"line":29,"column":4}},"30":{"start":{"line":31,"column":0},"end":{"line":31,"column":69}},"31":{"start":{"line":32,"column":0},"end":{"line":32,"column":74}},"33":{"start":{"line":34,"column":0},"end":{"line":34,"column":48}},"35":{"start":{"line":36,"column":0},"end":{"line":36,"column":15}},"36":{"start":{"line":37,"column":0},"end":{"line":37,"column":41}},"37":{"start":{"line":38,"column":0},"end":{"line":38,"column":26}},"38":{"start":{"line":39,"column":0},"end":{"line":39,"column":6}},"40":{"start":{"line":41,"column":0},"end":{"line":41,"column":46}},"42":{"start":{"line":43,"column":0},"end":{"line":43,"column":25}},"43":{"start":{"line":44,"column":0},"end":{"line":44,"column":56}},"44":{"start":{"line":45,"column":0},"end":{"line":45,"column":6}},"45":{"start":{"line":46,"column":0},"end":{"line":46,"column":4}},"47":{"start":{"line":48,"column":0},"end":{"line":48,"column":74}},"48":{"start":{"line":49,"column":0},"end":{"line":49,"column":48}},"49":{"start":{"line":50,"column":0},"end":{"line":50,"column":39}},"50":{"start":{"line":51,"column":0},"end":{"line":51,"column":5}},"52":{"start":{"line":53,"column":0},"end":{"line":53,"column":39}},"54":{"start":{"line":55,"column":0},"end":{"line":55,"column":15}},"55":{"start":{"line":56,"column":0},"end":{"line":56,"column":26}},"56":{"start":{"line":57,"column":0},"end":{"line":57,"column":6}},"58":{"start":{"line":59,"column":0},"end":{"line":59,"column":13}},"60":{"start":{"line":61,"column":0},"end":{"line":61,"column":25}},"61":{"start":{"line":62,"column":0},"end":{"line":62,"column":56}},"62":{"start":{"line":63,"column":0},"end":{"line":63,"column":6}},"63":{"start":{"line":64,"column":0},"end":{"line":64,"column":4}},"64":{"start":{"line":65,"column":0},"end":{"line":65,"column":2}}},"s":{"0":1,"1":1,"2":1,"3":1,"5":1,"6":1,"7":1,"9":1,"10":4,"11":1,"13":1,"14":1,"16":1,"17":1,"18":1,"20":1,"21":1,"22":1,"24":1,"26":1,"27":1,"28":1,"30":1,"31":1,"33":1,"35":1,"36":1,"37":1,"38":1,"40":1,"42":1,"43":1,"44":1,"45":1,"47":1,"48":1,"49":2,"50":1,"52":1,"54":1,"55":1,"56":1,"58":1,"60":1,"61":1,"62":1,"63":1,"64":1},"branchMap":{"0":{"type":"branch","line":6,"loc":{"start":{"line":6,"column":27},"end":{"line":65,"column":2}},"locations":[{"start":{"line":6,"column":27},"end":{"line":65,"column":2}}]},"1":{"type":"branch","line":10,"loc":{"start":{"line":10,"column":13},"end":{"line":12,"column":3}},"locations":[{"start":{"line":10,"column":13},"end":{"line":12,"column":3}}]},"2":{"type":"branch","line":14,"loc":{"start":{"line":14,"column":63},"end":{"line":19,"column":3}},"locations":[{"start":{"line":14,"column":63},"end":{"line":19,"column":3}}]},"3":{"type":"branch","line":15,"loc":{"start":{"line":15,"column":34},"end":{"line":15,"column":73}},"locations":[{"start":{"line":15,"column":34},"end":{"line":15,"column":73}}]},"4":{"type":"branch","line":21,"loc":{"start":{"line":21,"column":65},"end":{"line":29,"column":3}},"locations":[{"start":{"line":21,"column":65},"end":{"line":29,"column":3}}]},"5":{"type":"branch","line":25,"loc":{"start":{"line":25,"column":34},"end":{"line":25,"column":73}},"locations":[{"start":{"line":25,"column":34},"end":{"line":25,"column":73}}]},"6":{"type":"branch","line":31,"loc":{"start":{"line":31,"column":56},"end":{"line":46,"column":3}},"locations":[{"start":{"line":31,"column":56},"end":{"line":46,"column":3}}]},"7":{"type":"branch","line":32,"loc":{"start":{"line":32,"column":34},"end":{"line":32,"column":73}},"locations":[{"start":{"line":32,"column":34},"end":{"line":32,"column":73}}]},"8":{"type":"branch","line":36,"loc":{"start":{"line":36,"column":8},"end":{"line":39,"column":5}},"locations":[{"start":{"line":36,"column":8},"end":{"line":39,"column":5}}]},"9":{"type":"branch","line":43,"loc":{"start":{"line":43,"column":18},"end":{"line":45,"column":5}},"locations":[{"start":{"line":43,"column":18},"end":{"line":45,"column":5}}]},"10":{"type":"branch","line":48,"loc":{"start":{"line":48,"column":61},"end":{"line":64,"column":3}},"locations":[{"start":{"line":48,"column":61},"end":{"line":64,"column":3}}]},"11":{"type":"branch","line":49,"loc":{"start":{"line":49,"column":43},"end":{"line":50,"column":39}},"locations":[{"start":{"line":49,"column":43},"end":{"line":50,"column":39}}]},"12":{"type":"branch","line":55,"loc":{"start":{"line":55,"column":8},"end":{"line":57,"column":5}},"locations":[{"start":{"line":55,"column":8},"end":{"line":57,"column":5}}]},"13":{"type":"branch","line":61,"loc":{"start":{"line":61,"column":18},"end":{"line":63,"column":5}},"locations":[{"start":{"line":61,"column":18},"end":{"line":63,"column":5}}]}},"b":{"0":[1],"1":[4],"2":[1],"3":[1],"4":[1],"5":[2],"6":[1],"7":[2],"8":[1],"9":[1],"10":[1],"11":[2],"12":[1],"13":[1]},"fnMap":{},"f":{}}
,"D:\\Программы\\Проги\\RSSchoolCourse\\src\\tests\\useTheme.test.tsx": {"path":"D:\\Программы\\Проги\\RSSchoolCourse\\src\\tests\\useTheme.test.tsx","all":false,"statementMap":{"0":{"start":{"line":1,"column":0},"end":{"line":1,"column":45}},"1":{"start":{"line":2,"column":0},"end":{"line":2,"column":44}},"5":{"start":{"line":6,"column":0},"end":{"line":6,"column":50}},"8":{"start":{"line":9,"column":0},"end":{"line":9,"column":51}},"10":{"start":{"line":11,"column":0},"end":{"line":11,"column":31}},"13":{"start":{"line":14,"column":0},"end":{"line":14,"column":31}},"14":{"start":{"line":15,"column":0},"end":{"line":15,"column":73}},"17":{"start":{"line":18,"column":0},"end":{"line":18,"column":28}},"18":{"start":{"line":19,"column":0},"end":{"line":19,"column":47}},"19":{"start":{"line":20,"column":0},"end":{"line":20,"column":19}},"20":{"start":{"line":21,"column":0},"end":{"line":21,"column":26}},"21":{"start":{"line":22,"column":0},"end":{"line":22,"column":3}},"23":{"start":{"line":24,"column":0},"end":{"line":24,"column":86}},"25":{"start":{"line":26,"column":0},"end":{"line":26,"column":53}},"26":{"start":{"line":27,"column":0},"end":{"line":27,"column":34}},"27":{"start":{"line":28,"column":0},"end":{"line":28,"column":75}},"29":{"start":{"line":30,"column":0},"end":{"line":30,"column":6}},"32":{"start":{"line":33,"column":0},"end":{"line":33,"column":50}},"33":{"start":{"line":34,"column":0},"end":{"line":34,"column":46}},"34":{"start":{"line":35,"column":0},"end":{"line":35,"column":63}},"35":{"start":{"line":36,"column":0},"end":{"line":36,"column":4}},"36":{"start":{"line":37,"column":0},"end":{"line":37,"column":2}}},"s":{"0":1,"1":1,"5":1,"8":1,"10":1,"13":1,"14":1,"17":1,"18":1,"19":1,"20":1,"21":1,"23":1,"25":1,"26":1,"27":1,"29":1,"32":1,"33":1,"34":1,"35":1,"36":1},"branchMap":{"0":{"type":"branch","line":14,"loc":{"start":{"line":14,"column":5},"end":{"line":15,"column":73}},"locations":[{"start":{"line":14,"column":5},"end":{"line":15,"column":73}}]},"1":{"type":"branch","line":18,"loc":{"start":{"line":18,"column":21},"end":{"line":37,"column":2}},"locations":[{"start":{"line":18,"column":21},"end":{"line":37,"column":2}}]},"2":{"type":"branch","line":24,"loc":{"start":{"line":24,"column":79},"end":{"line":36,"column":3}},"locations":[{"start":{"line":24,"column":79},"end":{"line":36,"column":3}}]},"3":{"type":"branch","line":26,"loc":{"start":{"line":26,"column":34},"end":{"line":26,"column":52}},"locations":[{"start":{"line":26,"column":34},"end":{"line":26,"column":52}}]},"4":{"type":"branch","line":27,"loc":{"start":{"line":27,"column":15},"end":{"line":28,"column":75}},"locations":[{"start":{"line":27,"column":15},"end":{"line":28,"column":75}}]}},"b":{"0":[1],"1":[1],"2":[1],"3":[1],"4":[1]},"fnMap":{"0":{"name":"ThemeProvider","decl":{"start":{"line":14,"column":5},"end":{"line":15,"column":73}},"loc":{"start":{"line":14,"column":5},"end":{"line":15,"column":73}},"line":14},"1":{"name":"toggleTheme","decl":{"start":{"line":21,"column":17},"end":{"line":21,"column":26}},"loc":{"start":{"line":21,"column":17},"end":{"line":21,"column":26}},"line":21},"2":{"name":"__vite_ssr_import_4__.renderHook.wrapper.children.children","decl":{"start":{"line":26,"column":34},"end":{"line":26,"column":52}},"loc":{"start":{"line":26,"column":34},"end":{"line":26,"column":52}},"line":26},"3":{"name":"wrapper","decl":{"start":{"line":27,"column":15},"end":{"line":28,"column":75}},"loc":{"start":{"line":27,"column":15},"end":{"line":28,"column":75}},"line":27}},"f":{"0":1,"1":0,"2":1,"3":1}}
,"D:\\Программы\\Проги\\RSSchoolCourse\\src\\tests\\mocks\\character-service-mock.ts": {"path":"D:\\Программы\\Проги\\RSSchoolCourse\\src\\tests\\mocks\\character-service-mock.ts","all":false,"statementMap":{"0":{"start":{"line":1,"column":0},"end":{"line":1,"column":44}},"1":{"start":{"line":2,"column":0},"end":{"line":2,"column":27}},"4":{"start":{"line":5,"column":0},"end":{"line":5,"column":56}}},"s":{"0":1,"1":1,"4":1},"branchMap":{},"b":{},"fnMap":{},"f":{}}
}
